Watching for file changes with StatReloader
Watching for file changes with StatReloader
Watching for file changes with StatReloader
Not Found: /
"GET / HTTP/1.1" 404 2322
Not Found: /favicon.ico
"GET /favicon.ico HTTP/1.1" 404 2373
"GET /admin HTTP/1.1" 301 0
"GET /admin/ HTTP/1.1" 302 0
"GET /admin/login/?next=/admin/ HTTP/1.1" 200 4173
"GET /static/admin/css/base.css HTTP/1.1" 200 22120
"GET /static/admin/css/dark_mode.css HTTP/1.1" 200 2808
"GET /static/admin/css/nav_sidebar.css HTTP/1.1" 200 2810
"GET /static/admin/css/login.css HTTP/1.1" 200 951
"GET /static/admin/css/responsive.css HTTP/1.1" 200 16565
"GET /static/admin/js/theme.js HTTP/1.1" 200 1653
"GET /static/admin/js/nav_sidebar.js HTTP/1.1" 200 3063
"POST /admin/login/?next=/admin/ HTTP/1.1" 302 0
"GET /admin/ HTTP/1.1" 200 12699
"GET /static/admin/css/dashboard.css HTTP/1.1" 200 441
"GET /static/admin/img/icon-changelink.svg HTTP/1.1" 200 380
"GET /static/admin/img/icon-addlink.svg HTTP/1.1" 200 331
Internal Server Error: /admin/remedial/compromiseagreement/add/
Traceback (most recent call last):
  File "/home/marty/remedial-system/.venv/lib/python3.10/site-packages/django/db/backends/utils.py", line 105, in _execute
    return self.cursor.execute(sql, params)
  File "/home/marty/remedial-system/.venv/lib/python3.10/site-packages/django/db/backends/sqlite3/base.py", line 360, in execute
    return super().execute(query, params)
sqlite3.OperationalError: no such table: tenancy_tenant

The above exception was the direct cause of the following exception:

Traceback (most recent call last):
  File "/home/marty/remedial-system/.venv/lib/python3.10/site-packages/django/core/handlers/exception.py", line 55, in inner
    response = get_response(request)
  File "/home/marty/remedial-system/.venv/lib/python3.10/site-packages/django/core/handlers/base.py", line 220, in _get_response
    response = response.render()
  File "/home/marty/remedial-system/.venv/lib/python3.10/site-packages/django/template/response.py", line 114, in render
    self.content = self.rendered_content
  File "/home/marty/remedial-system/.venv/lib/python3.10/site-packages/django/template/response.py", line 92, in rendered_content
    return template.render(context, self._request)
  File "/home/marty/remedial-system/.venv/lib/python3.10/site-packages/django/template/backends/django.py", line 107, in render
    return self.template.render(context)
  File "/home/marty/remedial-system/.venv/lib/python3.10/site-packages/django/template/base.py", line 172, in render
    return self._render(context)
  File "/home/marty/remedial-system/.venv/lib/python3.10/site-packages/django/template/base.py", line 164, in _render
    return self.nodelist.render(context)
  File "/home/marty/remedial-system/.venv/lib/python3.10/site-packages/django/template/base.py", line 1018, in render
    return SafeString("".join([node.render_annotated(context) for node in self]))
  File "/home/marty/remedial-system/.venv/lib/python3.10/site-packages/django/template/base.py", line 1018, in <listcomp>
    return SafeString("".join([node.render_annotated(context) for node in self]))
  File "/home/marty/remedial-system/.venv/lib/python3.10/site-packages/django/template/base.py", line 979, in render_annotated
    return self.render(context)
  File "/home/marty/remedial-system/.venv/lib/python3.10/site-packages/django/template/loader_tags.py", line 159, in render
    return compiled_parent._render(context)
  File "/home/marty/remedial-system/.venv/lib/python3.10/site-packages/django/template/base.py", line 164, in _render
    return self.nodelist.render(context)
  File "/home/marty/remedial-system/.venv/lib/python3.10/site-packages/django/template/base.py", line 1018, in render
    return SafeString("".join([node.render_annotated(context) for node in self]))
  File "/home/marty/remedial-system/.venv/lib/python3.10/site-packages/django/template/base.py", line 1018, in <listcomp>
    return SafeString("".join([node.render_annotated(context) for node in self]))
  File "/home/marty/remedial-system/.venv/lib/python3.10/site-packages/django/template/base.py", line 979, in render_annotated
    return self.render(context)
  File "/home/marty/remedial-system/.venv/lib/python3.10/site-packages/django/template/loader_tags.py", line 159, in render
    return compiled_parent._render(context)
  File "/home/marty/remedial-system/.venv/lib/python3.10/site-packages/django/template/base.py", line 164, in _render
    return self.nodelist.render(context)
  File "/home/marty/remedial-system/.venv/lib/python3.10/site-packages/django/template/base.py", line 1018, in render
    return SafeString("".join([node.render_annotated(context) for node in self]))
  File "/home/marty/remedial-system/.venv/lib/python3.10/site-packages/django/template/base.py", line 1018, in <listcomp>
    return SafeString("".join([node.render_annotated(context) for node in self]))
  File "/home/marty/remedial-system/.venv/lib/python3.10/site-packages/django/template/base.py", line 979, in render_annotated
    return self.render(context)
  File "/home/marty/remedial-system/.venv/lib/python3.10/site-packages/django/template/loader_tags.py", line 65, in render
    result = block.nodelist.render(context)
  File "/home/marty/remedial-system/.venv/lib/python3.10/site-packages/django/template/base.py", line 1018, in render
    return SafeString("".join([node.render_annotated(context) for node in self]))
  File "/home/marty/remedial-system/.venv/lib/python3.10/site-packages/django/template/base.py", line 1018, in <listcomp>
    return SafeString("".join([node.render_annotated(context) for node in self]))
  File "/home/marty/remedial-system/.venv/lib/python3.10/site-packages/django/template/base.py", line 979, in render_annotated
    return self.render(context)
  File "/home/marty/remedial-system/.venv/lib/python3.10/site-packages/django/template/loader_tags.py", line 65, in render
    result = block.nodelist.render(context)
  File "/home/marty/remedial-system/.venv/lib/python3.10/site-packages/django/template/base.py", line 1018, in render
    return SafeString("".join([node.render_annotated(context) for node in self]))
  File "/home/marty/remedial-system/.venv/lib/python3.10/site-packages/django/template/base.py", line 1018, in <listcomp>
    return SafeString("".join([node.render_annotated(context) for node in self]))
  File "/home/marty/remedial-system/.venv/lib/python3.10/site-packages/django/template/base.py", line 979, in render_annotated
    return self.render(context)
  File "/home/marty/remedial-system/.venv/lib/python3.10/site-packages/django/template/defaulttags.py", line 243, in render
    nodelist.append(node.render_annotated(context))
  File "/home/marty/remedial-system/.venv/lib/python3.10/site-packages/django/template/base.py", line 979, in render_annotated
    return self.render(context)
  File "/home/marty/remedial-system/.venv/lib/python3.10/site-packages/django/template/loader_tags.py", line 210, in render
    return template.render(context)
  File "/home/marty/remedial-system/.venv/lib/python3.10/site-packages/django/template/base.py", line 174, in render
    return self._render(context)
  File "/home/marty/remedial-system/.venv/lib/python3.10/site-packages/django/template/base.py", line 164, in _render
    return self.nodelist.render(context)
  File "/home/marty/remedial-system/.venv/lib/python3.10/site-packages/django/template/base.py", line 1018, in render
    return SafeString("".join([node.render_annotated(context) for node in self]))
  File "/home/marty/remedial-system/.venv/lib/python3.10/site-packages/django/template/base.py", line 1018, in <listcomp>
    return SafeString("".join([node.render_annotated(context) for node in self]))
  File "/home/marty/remedial-system/.venv/lib/python3.10/site-packages/django/template/base.py", line 979, in render_annotated
    return self.render(context)
  File "/home/marty/remedial-system/.venv/lib/python3.10/site-packages/django/template/defaulttags.py", line 243, in render
    nodelist.append(node.render_annotated(context))
  File "/home/marty/remedial-system/.venv/lib/python3.10/site-packages/django/template/base.py", line 979, in render_annotated
    return self.render(context)
  File "/home/marty/remedial-system/.venv/lib/python3.10/site-packages/django/template/defaulttags.py", line 243, in render
    nodelist.append(node.render_annotated(context))
  File "/home/marty/remedial-system/.venv/lib/python3.10/site-packages/django/template/base.py", line 979, in render_annotated
    return self.render(context)
  File "/home/marty/remedial-system/.venv/lib/python3.10/site-packages/django/template/defaulttags.py", line 327, in render
    return nodelist.render(context)
  File "/home/marty/remedial-system/.venv/lib/python3.10/site-packages/django/template/base.py", line 1018, in render
    return SafeString("".join([node.render_annotated(context) for node in self]))
  File "/home/marty/remedial-system/.venv/lib/python3.10/site-packages/django/template/base.py", line 1018, in <listcomp>
    return SafeString("".join([node.render_annotated(context) for node in self]))
  File "/home/marty/remedial-system/.venv/lib/python3.10/site-packages/django/template/base.py", line 979, in render_annotated
    return self.render(context)
  File "/home/marty/remedial-system/.venv/lib/python3.10/site-packages/django/template/defaulttags.py", line 327, in render
    return nodelist.render(context)
  File "/home/marty/remedial-system/.venv/lib/python3.10/site-packages/django/template/base.py", line 1018, in render
    return SafeString("".join([node.render_annotated(context) for node in self]))
  File "/home/marty/remedial-system/.venv/lib/python3.10/site-packages/django/template/base.py", line 1018, in <listcomp>
    return SafeString("".join([node.render_annotated(context) for node in self]))
  File "/home/marty/remedial-system/.venv/lib/python3.10/site-packages/django/template/base.py", line 979, in render_annotated
    return self.render(context)
  File "/home/marty/remedial-system/.venv/lib/python3.10/site-packages/django/template/base.py", line 1083, in render
    return render_value_in_context(output, context)
  File "/home/marty/remedial-system/.venv/lib/python3.10/site-packages/django/template/base.py", line 1060, in render_value_in_context
    value = str(value)
  File "/home/marty/remedial-system/.venv/lib/python3.10/site-packages/django/forms/utils.py", line 79, in __str__
    return self.as_widget()
  File "/home/marty/remedial-system/.venv/lib/python3.10/site-packages/django/forms/boundfield.py", line 108, in as_widget
    return widget.render(
  File "/home/marty/remedial-system/.venv/lib/python3.10/site-packages/django/forms/widgets.py", line 329, in render
    context = self.get_context(name, value, attrs)
  File "/home/marty/remedial-system/.venv/lib/python3.10/site-packages/django/contrib/admin/widgets.py", line 329, in get_context
    "rendered_widget": self.widget.render(name, value, attrs),
  File "/home/marty/remedial-system/.venv/lib/python3.10/site-packages/django/forms/widgets.py", line 329, in render
    context = self.get_context(name, value, attrs)
  File "/home/marty/remedial-system/.venv/lib/python3.10/site-packages/django/forms/widgets.py", line 830, in get_context
    context = super().get_context(name, value, attrs)
  File "/home/marty/remedial-system/.venv/lib/python3.10/site-packages/django/forms/widgets.py", line 781, in get_context
    context["widget"]["optgroups"] = self.optgroups(
  File "/home/marty/remedial-system/.venv/lib/python3.10/site-packages/django/forms/widgets.py", line 721, in optgroups
    for index, (option_value, option_label) in enumerate(self.choices):
  File "/home/marty/remedial-system/.venv/lib/python3.10/site-packages/django/forms/models.py", line 1424, in __iter__
    for obj in queryset:
  File "/home/marty/remedial-system/.venv/lib/python3.10/site-packages/django/db/models/query.py", line 504, in _iterator
    yield from iterable
  File "/home/marty/remedial-system/.venv/lib/python3.10/site-packages/django/db/models/query.py", line 93, in __iter__
    results = compiler.execute_sql(
  File "/home/marty/remedial-system/.venv/lib/python3.10/site-packages/django/db/models/sql/compiler.py", line 1623, in execute_sql
    cursor.execute(sql, params)
  File "/home/marty/remedial-system/.venv/lib/python3.10/site-packages/django/db/backends/utils.py", line 122, in execute
    return super().execute(sql, params)
  File "/home/marty/remedial-system/.venv/lib/python3.10/site-packages/django/db/backends/utils.py", line 79, in execute
    return self._execute_with_wrappers(
  File "/home/marty/remedial-system/.venv/lib/python3.10/site-packages/django/db/backends/utils.py", line 92, in _execute_with_wrappers
    return executor(sql, params, many, context)
  File "/home/marty/remedial-system/.venv/lib/python3.10/site-packages/django/db/backends/utils.py", line 100, in _execute
    with self.db.wrap_database_errors:
  File "/home/marty/remedial-system/.venv/lib/python3.10/site-packages/django/db/utils.py", line 91, in __exit__
    raise dj_exc_value.with_traceback(traceback) from exc_value
  File "/home/marty/remedial-system/.venv/lib/python3.10/site-packages/django/db/backends/utils.py", line 105, in _execute
    return self.cursor.execute(sql, params)
  File "/home/marty/remedial-system/.venv/lib/python3.10/site-packages/django/db/backends/sqlite3/base.py", line 360, in execute
    return super().execute(query, params)
django.db.utils.OperationalError: no such table: tenancy_tenant
"GET /admin/remedial/compromiseagreement/add/ HTTP/1.1" 500 710830
Watching for file changes with StatReloader
Internal Server Error: /admin/remedial/compromiseagreement/add/
Traceback (most recent call last):
  File "/home/marty/remedial-system/.venv/lib/python3.10/site-packages/django/db/backends/utils.py", line 105, in _execute
    return self.cursor.execute(sql, params)
  File "/home/marty/remedial-system/.venv/lib/python3.10/site-packages/django/db/backends/sqlite3/base.py", line 360, in execute
    return super().execute(query, params)
sqlite3.OperationalError: no such table: tenancy_tenant

The above exception was the direct cause of the following exception:

Traceback (most recent call last):
  File "/home/marty/remedial-system/.venv/lib/python3.10/site-packages/django/core/handlers/exception.py", line 55, in inner
    response = get_response(request)
  File "/home/marty/remedial-system/.venv/lib/python3.10/site-packages/django/core/handlers/base.py", line 220, in _get_response
    response = response.render()
  File "/home/marty/remedial-system/.venv/lib/python3.10/site-packages/django/template/response.py", line 114, in render
    self.content = self.rendered_content
  File "/home/marty/remedial-system/.venv/lib/python3.10/site-packages/django/template/response.py", line 92, in rendered_content
    return template.render(context, self._request)
  File "/home/marty/remedial-system/.venv/lib/python3.10/site-packages/django/template/backends/django.py", line 107, in render
    return self.template.render(context)
  File "/home/marty/remedial-system/.venv/lib/python3.10/site-packages/django/template/base.py", line 172, in render
    return self._render(context)
  File "/home/marty/remedial-system/.venv/lib/python3.10/site-packages/django/template/base.py", line 164, in _render
    return self.nodelist.render(context)
  File "/home/marty/remedial-system/.venv/lib/python3.10/site-packages/django/template/base.py", line 1018, in render
    return SafeString("".join([node.render_annotated(context) for node in self]))
  File "/home/marty/remedial-system/.venv/lib/python3.10/site-packages/django/template/base.py", line 1018, in <listcomp>
    return SafeString("".join([node.render_annotated(context) for node in self]))
  File "/home/marty/remedial-system/.venv/lib/python3.10/site-packages/django/template/base.py", line 979, in render_annotated
    return self.render(context)
  File "/home/marty/remedial-system/.venv/lib/python3.10/site-packages/django/template/loader_tags.py", line 159, in render
    return compiled_parent._render(context)
  File "/home/marty/remedial-system/.venv/lib/python3.10/site-packages/django/template/base.py", line 164, in _render
    return self.nodelist.render(context)
  File "/home/marty/remedial-system/.venv/lib/python3.10/site-packages/django/template/base.py", line 1018, in render
    return SafeString("".join([node.render_annotated(context) for node in self]))
  File "/home/marty/remedial-system/.venv/lib/python3.10/site-packages/django/template/base.py", line 1018, in <listcomp>
    return SafeString("".join([node.render_annotated(context) for node in self]))
  File "/home/marty/remedial-system/.venv/lib/python3.10/site-packages/django/template/base.py", line 979, in render_annotated
    return self.render(context)
  File "/home/marty/remedial-system/.venv/lib/python3.10/site-packages/django/template/loader_tags.py", line 159, in render
    return compiled_parent._render(context)
  File "/home/marty/remedial-system/.venv/lib/python3.10/site-packages/django/template/base.py", line 164, in _render
    return self.nodelist.render(context)
  File "/home/marty/remedial-system/.venv/lib/python3.10/site-packages/django/template/base.py", line 1018, in render
    return SafeString("".join([node.render_annotated(context) for node in self]))
  File "/home/marty/remedial-system/.venv/lib/python3.10/site-packages/django/template/base.py", line 1018, in <listcomp>
    return SafeString("".join([node.render_annotated(context) for node in self]))
  File "/home/marty/remedial-system/.venv/lib/python3.10/site-packages/django/template/base.py", line 979, in render_annotated
    return self.render(context)
  File "/home/marty/remedial-system/.venv/lib/python3.10/site-packages/django/template/loader_tags.py", line 65, in render
    result = block.nodelist.render(context)
  File "/home/marty/remedial-system/.venv/lib/python3.10/site-packages/django/template/base.py", line 1018, in render
    return SafeString("".join([node.render_annotated(context) for node in self]))
  File "/home/marty/remedial-system/.venv/lib/python3.10/site-packages/django/template/base.py", line 1018, in <listcomp>
    return SafeString("".join([node.render_annotated(context) for node in self]))
  File "/home/marty/remedial-system/.venv/lib/python3.10/site-packages/django/template/base.py", line 979, in render_annotated
    return self.render(context)
  File "/home/marty/remedial-system/.venv/lib/python3.10/site-packages/django/template/loader_tags.py", line 65, in render
    result = block.nodelist.render(context)
  File "/home/marty/remedial-system/.venv/lib/python3.10/site-packages/django/template/base.py", line 1018, in render
    return SafeString("".join([node.render_annotated(context) for node in self]))
  File "/home/marty/remedial-system/.venv/lib/python3.10/site-packages/django/template/base.py", line 1018, in <listcomp>
    return SafeString("".join([node.render_annotated(context) for node in self]))
  File "/home/marty/remedial-system/.venv/lib/python3.10/site-packages/django/template/base.py", line 979, in render_annotated
    return self.render(context)
  File "/home/marty/remedial-system/.venv/lib/python3.10/site-packages/django/template/defaulttags.py", line 243, in render
    nodelist.append(node.render_annotated(context))
  File "/home/marty/remedial-system/.venv/lib/python3.10/site-packages/django/template/base.py", line 979, in render_annotated
    return self.render(context)
  File "/home/marty/remedial-system/.venv/lib/python3.10/site-packages/django/template/loader_tags.py", line 210, in render
    return template.render(context)
  File "/home/marty/remedial-system/.venv/lib/python3.10/site-packages/django/template/base.py", line 174, in render
    return self._render(context)
  File "/home/marty/remedial-system/.venv/lib/python3.10/site-packages/django/template/base.py", line 164, in _render
    return self.nodelist.render(context)
  File "/home/marty/remedial-system/.venv/lib/python3.10/site-packages/django/template/base.py", line 1018, in render
    return SafeString("".join([node.render_annotated(context) for node in self]))
  File "/home/marty/remedial-system/.venv/lib/python3.10/site-packages/django/template/base.py", line 1018, in <listcomp>
    return SafeString("".join([node.render_annotated(context) for node in self]))
  File "/home/marty/remedial-system/.venv/lib/python3.10/site-packages/django/template/base.py", line 979, in render_annotated
    return self.render(context)
  File "/home/marty/remedial-system/.venv/lib/python3.10/site-packages/django/template/defaulttags.py", line 243, in render
    nodelist.append(node.render_annotated(context))
  File "/home/marty/remedial-system/.venv/lib/python3.10/site-packages/django/template/base.py", line 979, in render_annotated
    return self.render(context)
  File "/home/marty/remedial-system/.venv/lib/python3.10/site-packages/django/template/defaulttags.py", line 243, in render
    nodelist.append(node.render_annotated(context))
  File "/home/marty/remedial-system/.venv/lib/python3.10/site-packages/django/template/base.py", line 979, in render_annotated
    return self.render(context)
  File "/home/marty/remedial-system/.venv/lib/python3.10/site-packages/django/template/defaulttags.py", line 327, in render
    return nodelist.render(context)
  File "/home/marty/remedial-system/.venv/lib/python3.10/site-packages/django/template/base.py", line 1018, in render
    return SafeString("".join([node.render_annotated(context) for node in self]))
  File "/home/marty/remedial-system/.venv/lib/python3.10/site-packages/django/template/base.py", line 1018, in <listcomp>
    return SafeString("".join([node.render_annotated(context) for node in self]))
  File "/home/marty/remedial-system/.venv/lib/python3.10/site-packages/django/template/base.py", line 979, in render_annotated
    return self.render(context)
  File "/home/marty/remedial-system/.venv/lib/python3.10/site-packages/django/template/defaulttags.py", line 327, in render
    return nodelist.render(context)
  File "/home/marty/remedial-system/.venv/lib/python3.10/site-packages/django/template/base.py", line 1018, in render
    return SafeString("".join([node.render_annotated(context) for node in self]))
  File "/home/marty/remedial-system/.venv/lib/python3.10/site-packages/django/template/base.py", line 1018, in <listcomp>
    return SafeString("".join([node.render_annotated(context) for node in self]))
  File "/home/marty/remedial-system/.venv/lib/python3.10/site-packages/django/template/base.py", line 979, in render_annotated
    return self.render(context)
  File "/home/marty/remedial-system/.venv/lib/python3.10/site-packages/django/template/base.py", line 1083, in render
    return render_value_in_context(output, context)
  File "/home/marty/remedial-system/.venv/lib/python3.10/site-packages/django/template/base.py", line 1060, in render_value_in_context
    value = str(value)
  File "/home/marty/remedial-system/.venv/lib/python3.10/site-packages/django/forms/utils.py", line 79, in __str__
    return self.as_widget()
  File "/home/marty/remedial-system/.venv/lib/python3.10/site-packages/django/forms/boundfield.py", line 108, in as_widget
    return widget.render(
  File "/home/marty/remedial-system/.venv/lib/python3.10/site-packages/django/forms/widgets.py", line 329, in render
    context = self.get_context(name, value, attrs)
  File "/home/marty/remedial-system/.venv/lib/python3.10/site-packages/django/contrib/admin/widgets.py", line 329, in get_context
    "rendered_widget": self.widget.render(name, value, attrs),
  File "/home/marty/remedial-system/.venv/lib/python3.10/site-packages/django/forms/widgets.py", line 329, in render
    context = self.get_context(name, value, attrs)
  File "/home/marty/remedial-system/.venv/lib/python3.10/site-packages/django/forms/widgets.py", line 830, in get_context
    context = super().get_context(name, value, attrs)
  File "/home/marty/remedial-system/.venv/lib/python3.10/site-packages/django/forms/widgets.py", line 781, in get_context
    context["widget"]["optgroups"] = self.optgroups(
  File "/home/marty/remedial-system/.venv/lib/python3.10/site-packages/django/forms/widgets.py", line 721, in optgroups
    for index, (option_value, option_label) in enumerate(self.choices):
  File "/home/marty/remedial-system/.venv/lib/python3.10/site-packages/django/forms/models.py", line 1424, in __iter__
    for obj in queryset:
  File "/home/marty/remedial-system/.venv/lib/python3.10/site-packages/django/db/models/query.py", line 504, in _iterator
    yield from iterable
  File "/home/marty/remedial-system/.venv/lib/python3.10/site-packages/django/db/models/query.py", line 93, in __iter__
    results = compiler.execute_sql(
  File "/home/marty/remedial-system/.venv/lib/python3.10/site-packages/django/db/models/sql/compiler.py", line 1623, in execute_sql
    cursor.execute(sql, params)
  File "/home/marty/remedial-system/.venv/lib/python3.10/site-packages/django/db/backends/utils.py", line 122, in execute
    return super().execute(sql, params)
  File "/home/marty/remedial-system/.venv/lib/python3.10/site-packages/django/db/backends/utils.py", line 79, in execute
    return self._execute_with_wrappers(
  File "/home/marty/remedial-system/.venv/lib/python3.10/site-packages/django/db/backends/utils.py", line 92, in _execute_with_wrappers
    return executor(sql, params, many, context)
  File "/home/marty/remedial-system/.venv/lib/python3.10/site-packages/django/db/backends/utils.py", line 100, in _execute
    with self.db.wrap_database_errors:
  File "/home/marty/remedial-system/.venv/lib/python3.10/site-packages/django/db/utils.py", line 91, in __exit__
    raise dj_exc_value.with_traceback(traceback) from exc_value
  File "/home/marty/remedial-system/.venv/lib/python3.10/site-packages/django/db/backends/utils.py", line 105, in _execute
    return self.cursor.execute(sql, params)
  File "/home/marty/remedial-system/.venv/lib/python3.10/site-packages/django/db/backends/sqlite3/base.py", line 360, in execute
    return super().execute(query, params)
django.db.utils.OperationalError: no such table: tenancy_tenant
"GET /admin/remedial/compromiseagreement/add/ HTTP/1.1" 500 710967
"GET /admin/ HTTP/1.1" 200 12699
Internal Server Error: /admin/remedial/remedialaccount/add/
Traceback (most recent call last):
  File "/home/marty/remedial-system/.venv/lib/python3.10/site-packages/django/db/backends/utils.py", line 105, in _execute
    return self.cursor.execute(sql, params)
  File "/home/marty/remedial-system/.venv/lib/python3.10/site-packages/django/db/backends/sqlite3/base.py", line 360, in execute
    return super().execute(query, params)
sqlite3.OperationalError: no such table: tenancy_tenant

The above exception was the direct cause of the following exception:

Traceback (most recent call last):
  File "/home/marty/remedial-system/.venv/lib/python3.10/site-packages/django/core/handlers/exception.py", line 55, in inner
    response = get_response(request)
  File "/home/marty/remedial-system/.venv/lib/python3.10/site-packages/django/core/handlers/base.py", line 220, in _get_response
    response = response.render()
  File "/home/marty/remedial-system/.venv/lib/python3.10/site-packages/django/template/response.py", line 114, in render
    self.content = self.rendered_content
  File "/home/marty/remedial-system/.venv/lib/python3.10/site-packages/django/template/response.py", line 92, in rendered_content
    return template.render(context, self._request)
  File "/home/marty/remedial-system/.venv/lib/python3.10/site-packages/django/template/backends/django.py", line 107, in render
    return self.template.render(context)
  File "/home/marty/remedial-system/.venv/lib/python3.10/site-packages/django/template/base.py", line 172, in render
    return self._render(context)
  File "/home/marty/remedial-system/.venv/lib/python3.10/site-packages/django/template/base.py", line 164, in _render
    return self.nodelist.render(context)
  File "/home/marty/remedial-system/.venv/lib/python3.10/site-packages/django/template/base.py", line 1018, in render
    return SafeString("".join([node.render_annotated(context) for node in self]))
  File "/home/marty/remedial-system/.venv/lib/python3.10/site-packages/django/template/base.py", line 1018, in <listcomp>
    return SafeString("".join([node.render_annotated(context) for node in self]))
  File "/home/marty/remedial-system/.venv/lib/python3.10/site-packages/django/template/base.py", line 979, in render_annotated
    return self.render(context)
  File "/home/marty/remedial-system/.venv/lib/python3.10/site-packages/django/template/loader_tags.py", line 159, in render
    return compiled_parent._render(context)
  File "/home/marty/remedial-system/.venv/lib/python3.10/site-packages/django/template/base.py", line 164, in _render
    return self.nodelist.render(context)
  File "/home/marty/remedial-system/.venv/lib/python3.10/site-packages/django/template/base.py", line 1018, in render
    return SafeString("".join([node.render_annotated(context) for node in self]))
  File "/home/marty/remedial-system/.venv/lib/python3.10/site-packages/django/template/base.py", line 1018, in <listcomp>
    return SafeString("".join([node.render_annotated(context) for node in self]))
  File "/home/marty/remedial-system/.venv/lib/python3.10/site-packages/django/template/base.py", line 979, in render_annotated
    return self.render(context)
  File "/home/marty/remedial-system/.venv/lib/python3.10/site-packages/django/template/loader_tags.py", line 159, in render
    return compiled_parent._render(context)
  File "/home/marty/remedial-system/.venv/lib/python3.10/site-packages/django/template/base.py", line 164, in _render
    return self.nodelist.render(context)
  File "/home/marty/remedial-system/.venv/lib/python3.10/site-packages/django/template/base.py", line 1018, in render
    return SafeString("".join([node.render_annotated(context) for node in self]))
  File "/home/marty/remedial-system/.venv/lib/python3.10/site-packages/django/template/base.py", line 1018, in <listcomp>
    return SafeString("".join([node.render_annotated(context) for node in self]))
  File "/home/marty/remedial-system/.venv/lib/python3.10/site-packages/django/template/base.py", line 979, in render_annotated
    return self.render(context)
  File "/home/marty/remedial-system/.venv/lib/python3.10/site-packages/django/template/loader_tags.py", line 65, in render
    result = block.nodelist.render(context)
  File "/home/marty/remedial-system/.venv/lib/python3.10/site-packages/django/template/base.py", line 1018, in render
    return SafeString("".join([node.render_annotated(context) for node in self]))
  File "/home/marty/remedial-system/.venv/lib/python3.10/site-packages/django/template/base.py", line 1018, in <listcomp>
    return SafeString("".join([node.render_annotated(context) for node in self]))
  File "/home/marty/remedial-system/.venv/lib/python3.10/site-packages/django/template/base.py", line 979, in render_annotated
    return self.render(context)
  File "/home/marty/remedial-system/.venv/lib/python3.10/site-packages/django/template/loader_tags.py", line 65, in render
    result = block.nodelist.render(context)
  File "/home/marty/remedial-system/.venv/lib/python3.10/site-packages/django/template/base.py", line 1018, in render
    return SafeString("".join([node.render_annotated(context) for node in self]))
  File "/home/marty/remedial-system/.venv/lib/python3.10/site-packages/django/template/base.py", line 1018, in <listcomp>
    return SafeString("".join([node.render_annotated(context) for node in self]))
  File "/home/marty/remedial-system/.venv/lib/python3.10/site-packages/django/template/base.py", line 979, in render_annotated
    return self.render(context)
  File "/home/marty/remedial-system/.venv/lib/python3.10/site-packages/django/template/defaulttags.py", line 243, in render
    nodelist.append(node.render_annotated(context))
  File "/home/marty/remedial-system/.venv/lib/python3.10/site-packages/django/template/base.py", line 979, in render_annotated
    return self.render(context)
  File "/home/marty/remedial-system/.venv/lib/python3.10/site-packages/django/template/loader_tags.py", line 210, in render
    return template.render(context)
  File "/home/marty/remedial-system/.venv/lib/python3.10/site-packages/django/template/base.py", line 174, in render
    return self._render(context)
  File "/home/marty/remedial-system/.venv/lib/python3.10/site-packages/django/template/base.py", line 164, in _render
    return self.nodelist.render(context)
  File "/home/marty/remedial-system/.venv/lib/python3.10/site-packages/django/template/base.py", line 1018, in render
    return SafeString("".join([node.render_annotated(context) for node in self]))
  File "/home/marty/remedial-system/.venv/lib/python3.10/site-packages/django/template/base.py", line 1018, in <listcomp>
    return SafeString("".join([node.render_annotated(context) for node in self]))
  File "/home/marty/remedial-system/.venv/lib/python3.10/site-packages/django/template/base.py", line 979, in render_annotated
    return self.render(context)
  File "/home/marty/remedial-system/.venv/lib/python3.10/site-packages/django/template/defaulttags.py", line 243, in render
    nodelist.append(node.render_annotated(context))
  File "/home/marty/remedial-system/.venv/lib/python3.10/site-packages/django/template/base.py", line 979, in render_annotated
    return self.render(context)
  File "/home/marty/remedial-system/.venv/lib/python3.10/site-packages/django/template/defaulttags.py", line 243, in render
    nodelist.append(node.render_annotated(context))
  File "/home/marty/remedial-system/.venv/lib/python3.10/site-packages/django/template/base.py", line 979, in render_annotated
    return self.render(context)
  File "/home/marty/remedial-system/.venv/lib/python3.10/site-packages/django/template/defaulttags.py", line 327, in render
    return nodelist.render(context)
  File "/home/marty/remedial-system/.venv/lib/python3.10/site-packages/django/template/base.py", line 1018, in render
    return SafeString("".join([node.render_annotated(context) for node in self]))
  File "/home/marty/remedial-system/.venv/lib/python3.10/site-packages/django/template/base.py", line 1018, in <listcomp>
    return SafeString("".join([node.render_annotated(context) for node in self]))
  File "/home/marty/remedial-system/.venv/lib/python3.10/site-packages/django/template/base.py", line 979, in render_annotated
    return self.render(context)
  File "/home/marty/remedial-system/.venv/lib/python3.10/site-packages/django/template/defaulttags.py", line 327, in render
    return nodelist.render(context)
  File "/home/marty/remedial-system/.venv/lib/python3.10/site-packages/django/template/base.py", line 1018, in render
    return SafeString("".join([node.render_annotated(context) for node in self]))
  File "/home/marty/remedial-system/.venv/lib/python3.10/site-packages/django/template/base.py", line 1018, in <listcomp>
    return SafeString("".join([node.render_annotated(context) for node in self]))
  File "/home/marty/remedial-system/.venv/lib/python3.10/site-packages/django/template/base.py", line 979, in render_annotated
    return self.render(context)
  File "/home/marty/remedial-system/.venv/lib/python3.10/site-packages/django/template/base.py", line 1083, in render
    return render_value_in_context(output, context)
  File "/home/marty/remedial-system/.venv/lib/python3.10/site-packages/django/template/base.py", line 1060, in render_value_in_context
    value = str(value)
  File "/home/marty/remedial-system/.venv/lib/python3.10/site-packages/django/forms/utils.py", line 79, in __str__
    return self.as_widget()
  File "/home/marty/remedial-system/.venv/lib/python3.10/site-packages/django/forms/boundfield.py", line 108, in as_widget
    return widget.render(
  File "/home/marty/remedial-system/.venv/lib/python3.10/site-packages/django/forms/widgets.py", line 329, in render
    context = self.get_context(name, value, attrs)
  File "/home/marty/remedial-system/.venv/lib/python3.10/site-packages/django/contrib/admin/widgets.py", line 329, in get_context
    "rendered_widget": self.widget.render(name, value, attrs),
  File "/home/marty/remedial-system/.venv/lib/python3.10/site-packages/django/forms/widgets.py", line 329, in render
    context = self.get_context(name, value, attrs)
  File "/home/marty/remedial-system/.venv/lib/python3.10/site-packages/django/forms/widgets.py", line 830, in get_context
    context = super().get_context(name, value, attrs)
  File "/home/marty/remedial-system/.venv/lib/python3.10/site-packages/django/forms/widgets.py", line 781, in get_context
    context["widget"]["optgroups"] = self.optgroups(
  File "/home/marty/remedial-system/.venv/lib/python3.10/site-packages/django/forms/widgets.py", line 721, in optgroups
    for index, (option_value, option_label) in enumerate(self.choices):
  File "/home/marty/remedial-system/.venv/lib/python3.10/site-packages/django/forms/models.py", line 1424, in __iter__
    for obj in queryset:
  File "/home/marty/remedial-system/.venv/lib/python3.10/site-packages/django/db/models/query.py", line 504, in _iterator
    yield from iterable
  File "/home/marty/remedial-system/.venv/lib/python3.10/site-packages/django/db/models/query.py", line 93, in __iter__
    results = compiler.execute_sql(
  File "/home/marty/remedial-system/.venv/lib/python3.10/site-packages/django/db/models/sql/compiler.py", line 1623, in execute_sql
    cursor.execute(sql, params)
  File "/home/marty/remedial-system/.venv/lib/python3.10/site-packages/django/db/backends/utils.py", line 122, in execute
    return super().execute(sql, params)
  File "/home/marty/remedial-system/.venv/lib/python3.10/site-packages/django/db/backends/utils.py", line 79, in execute
    return self._execute_with_wrappers(
  File "/home/marty/remedial-system/.venv/lib/python3.10/site-packages/django/db/backends/utils.py", line 92, in _execute_with_wrappers
    return executor(sql, params, many, context)
  File "/home/marty/remedial-system/.venv/lib/python3.10/site-packages/django/db/backends/utils.py", line 100, in _execute
    with self.db.wrap_database_errors:
  File "/home/marty/remedial-system/.venv/lib/python3.10/site-packages/django/db/utils.py", line 91, in __exit__
    raise dj_exc_value.with_traceback(traceback) from exc_value
  File "/home/marty/remedial-system/.venv/lib/python3.10/site-packages/django/db/backends/utils.py", line 105, in _execute
    return self.cursor.execute(sql, params)
  File "/home/marty/remedial-system/.venv/lib/python3.10/site-packages/django/db/backends/sqlite3/base.py", line 360, in execute
    return super().execute(query, params)
django.db.utils.OperationalError: no such table: tenancy_tenant
"GET /admin/remedial/remedialaccount/add/ HTTP/1.1" 500 710553
Watching for file changes with StatReloader
"GET /admin/remedial/remedialaccount/add/ HTTP/1.1" 302 0
"GET /admin/login/?next=/admin/remedial/remedialaccount/add/ HTTP/1.1" 200 4231
"POST /admin/login/?next=/admin/remedial/remedialaccount/add/ HTTP/1.1" 200 4399
"POST /admin/login/?next=/admin/remedial/remedialaccount/add/ HTTP/1.1" 200 4399
"POST /admin/login/?next=/admin/remedial/remedialaccount/add/ HTTP/1.1" 200 4399
"POST /admin/login/?next=/admin/remedial/remedialaccount/add/ HTTP/1.1" 200 4399
"POST /admin/login/?next=/admin/remedial/remedialaccount/add/ HTTP/1.1" 302 0
"GET /admin/remedial/remedialaccount/add/ HTTP/1.1" 200 21713
"GET /static/admin/css/forms.css HTTP/1.1" 200 8525
"GET /admin/jsi18n/ HTTP/1.1" 200 3342
"GET /static/admin/js/jquery.init.js HTTP/1.1" 200 347
"GET /static/admin/js/calendar.js HTTP/1.1" 200 9141
"GET /static/admin/js/admin/DateTimeShortcuts.js HTTP/1.1" 200 19319
"GET /static/admin/js/core.js HTTP/1.1" 200 6208
"GET /static/admin/css/widgets.css HTTP/1.1" 200 11973
"GET /static/admin/js/admin/RelatedObjectLookups.js HTTP/1.1" 200 9777
"GET /static/admin/js/actions.js HTTP/1.1" 200 8076
"GET /static/admin/js/urlify.js HTTP/1.1" 200 7887
"GET /static/admin/js/vendor/jquery/jquery.js HTTP/1.1" 200 285314
"GET /static/admin/js/prepopulate.js HTTP/1.1" 200 1531
"GET /static/admin/js/prepopulate_init.js HTTP/1.1" 200 586
"GET /static/admin/img/icon-deletelink.svg HTTP/1.1" 200 392
"GET /static/admin/js/vendor/xregexp/xregexp.js HTTP/1.1" 200 325171
"GET /static/admin/img/icon-viewlink.svg HTTP/1.1" 200 581
"GET /static/admin/js/change_form.js HTTP/1.1" 200 606
"GET /static/admin/img/icon-calendar.svg HTTP/1.1" 200 1086
"GET /static/admin/img/icon-clock.svg HTTP/1.1" 200 677
"GET /admin/remedial/compromiseagreement/add/ HTTP/1.1" 200 26083
"GET /admin/jsi18n/ HTTP/1.1" 200 3342
"GET /admin/remedial/compromisescheduleitem/add/ HTTP/1.1" 200 20116
"GET /admin/jsi18n/ HTTP/1.1" 200 3342
"GET /admin/remedial/remedialaccount/add/ HTTP/1.1" 200 21713
"GET /admin/jsi18n/ HTTP/1.1" 200 3342
Not Found: /
"GET / HTTP/1.1" 404 2322
"GET /remedial HTTP/1.1" 301 0
Internal Server Error: /remedial/
Traceback (most recent call last):
  File "/home/marty/remedial-system/.venv/lib/python3.10/site-packages/django/core/handlers/exception.py", line 55, in inner
    response = get_response(request)
  File "/home/marty/remedial-system/.venv/lib/python3.10/site-packages/django/core/handlers/base.py", line 197, in _get_response
    response = wrapped_callback(request, *callback_args, **callback_kwargs)
  File "/home/marty/remedial-system/.venv/lib/python3.10/site-packages/django/views/generic/base.py", line 105, in view
    return self.dispatch(request, *args, **kwargs)
  File "/home/marty/remedial-system/.venv/lib/python3.10/site-packages/django/contrib/auth/mixins.py", line 73, in dispatch
    return super().dispatch(request, *args, **kwargs)
  File "/home/marty/remedial-system/.venv/lib/python3.10/site-packages/django/contrib/auth/mixins.py", line 107, in dispatch
    if not self.has_permission():
  File "/home/marty/remedial-system/.venv/lib/python3.10/site-packages/django/contrib/auth/mixins.py", line 104, in has_permission
    return self.request.user.has_perms(perms)
  File "/home/marty/remedial-system/.venv/lib/python3.10/site-packages/django/contrib/auth/models.py", line 414, in has_perms
    raise ValueError("perm_list must be an iterable of permissions.")
ValueError: perm_list must be an iterable of permissions.
"GET /remedial/ HTTP/1.1" 500 80848
/home/marty/remedial-system/apps/core/models.py changed, reloading.
Watching for file changes with StatReloader
"GET /admin/ HTTP/1.1" 302 0
Watching for file changes with StatReloader
Internal Server Error: /remedial/
Traceback (most recent call last):
  File "/home/marty/remedial-system/.venv/lib/python3.10/site-packages/django/core/handlers/exception.py", line 55, in inner
    response = get_response(request)
  File "/home/marty/remedial-system/.venv/lib/python3.10/site-packages/django/core/handlers/base.py", line 197, in _get_response
    response = wrapped_callback(request, *callback_args, **callback_kwargs)
  File "/home/marty/remedial-system/.venv/lib/python3.10/site-packages/django/views/generic/base.py", line 105, in view
    return self.dispatch(request, *args, **kwargs)
  File "/home/marty/remedial-system/.venv/lib/python3.10/site-packages/django/contrib/auth/mixins.py", line 73, in dispatch
    return super().dispatch(request, *args, **kwargs)
  File "/home/marty/remedial-system/.venv/lib/python3.10/site-packages/django/contrib/auth/mixins.py", line 107, in dispatch
    if not self.has_permission():
  File "/home/marty/remedial-system/.venv/lib/python3.10/site-packages/django/contrib/auth/mixins.py", line 104, in has_permission
    return self.request.user.has_perms(perms)
  File "/home/marty/remedial-system/.venv/lib/python3.10/site-packages/django/contrib/auth/models.py", line 414, in has_perms
    raise ValueError("perm_list must be an iterable of permissions.")
ValueError: perm_list must be an iterable of permissions.
"GET /remedial/ HTTP/1.1" 500 80985
Watching for file changes with StatReloader
Watching for file changes with StatReloader
/home/marty/remedial-system/apps/remedial/views.py changed, reloading.
Watching for file changes with StatReloader
Watching for file changes with StatReloader
"GET /remedial/ HTTP/1.1" 200 1464
Not Found: /
"GET / HTTP/1.1" 404 2322
"GET /remedial/ HTTP/1.1" 200 1464
Not Found: /remedial/ss
"GET /remedial/ss HTTP/1.1" 404 5923
"GET /admin/ HTTP/1.1" 200 12699
"GET /static/admin/css/base.css HTTP/1.1" 304 0
"GET /static/admin/css/dark_mode.css HTTP/1.1" 304 0
"GET /static/admin/css/nav_sidebar.css HTTP/1.1" 304 0
"GET /static/admin/css/responsive.css HTTP/1.1" 304 0
"GET /static/admin/css/dashboard.css HTTP/1.1" 304 0
"GET /static/admin/js/theme.js HTTP/1.1" 304 0
"GET /static/admin/js/nav_sidebar.js HTTP/1.1" 304 0
"GET /static/admin/img/icon-addlink.svg HTTP/1.1" 304 0
"GET /static/admin/img/icon-changelink.svg HTTP/1.1" 304 0
"GET /admin/remedial/remedialaccount/ HTTP/1.1" 200 14048
"GET /static/admin/css/changelists.css HTTP/1.1" 200 6878
"GET /admin/jsi18n/ HTTP/1.1" 200 3342
"GET /static/admin/img/search.svg HTTP/1.1" 200 458
"GET /static/admin/js/filters.js HTTP/1.1" 200 978
"GET /static/admin/img/tooltag-add.svg HTTP/1.1" 200 331
"GET /admin/remedial/remedialaccount/add/ HTTP/1.1" 200 21713
"GET /admin/jsi18n/ HTTP/1.1" 200 3342
"POST /admin/remedial/remedialaccount/add/ HTTP/1.1" 302 0
"GET /admin/remedial/remedialaccount/ HTTP/1.1" 200 16651
"GET /admin/jsi18n/ HTTP/1.1" 200 3342
"GET /static/admin/img/icon-yes.svg HTTP/1.1" 200 436
"GET /remedial/ HTTP/1.1" 200 1694
Internal Server Error: /remedial/a7403330-642c-4b9f-b8b4-d79a9cedd6c4/
Traceback (most recent call last):
  File "/home/marty/remedial-system/.venv/lib/python3.10/site-packages/django/core/handlers/exception.py", line 55, in inner
    response = get_response(request)
  File "/home/marty/remedial-system/.venv/lib/python3.10/site-packages/django/core/handlers/base.py", line 197, in _get_response
    response = wrapped_callback(request, *callback_args, **callback_kwargs)
  File "/home/marty/remedial-system/.venv/lib/python3.10/site-packages/django/views/generic/base.py", line 105, in view
    return self.dispatch(request, *args, **kwargs)
  File "/home/marty/remedial-system/.venv/lib/python3.10/site-packages/django/contrib/auth/mixins.py", line 73, in dispatch
    return super().dispatch(request, *args, **kwargs)
  File "/home/marty/remedial-system/.venv/lib/python3.10/site-packages/django/contrib/auth/mixins.py", line 109, in dispatch
    return super().dispatch(request, *args, **kwargs)
  File "/home/marty/remedial-system/.venv/lib/python3.10/site-packages/django/views/generic/base.py", line 144, in dispatch
    return handler(request, *args, **kwargs)
  File "/home/marty/remedial-system/.venv/lib/python3.10/site-packages/django/views/generic/detail.py", line 113, in get
    context = self.get_context_data(object=self.object)
  File "/home/marty/remedial-system/apps/remedial/views.py", line 141, in get_context_data
    context["documents"] = self.object.remedial_documents.filter(is_deleted=False).order_by("-version", "-uploaded_at")
AttributeError: 'RemedialAccount' object has no attribute 'remedial_documents'
"GET /remedial/a7403330-642c-4b9f-b8b4-d79a9cedd6c4/ HTTP/1.1" 500 88064
/home/marty/remedial-system/apps/remedial/models.py changed, reloading.
Watching for file changes with StatReloader
/home/marty/remedial-system/apps/remedial/views.py changed, reloading.
Watching for file changes with StatReloader
"GET /remedial/a7403330-642c-4b9f-b8b4-d79a9cedd6c4/ HTTP/1.1" 200 2669
Internal Server Error: /remedial/accounts/a7403330-642c-4b9f-b8b4-d79a9cedd6c4/legal-cases/create/
Traceback (most recent call last):
  File "/home/marty/remedial-system/.venv/lib/python3.10/site-packages/django/core/handlers/exception.py", line 55, in inner
    response = get_response(request)
  File "/home/marty/remedial-system/.venv/lib/python3.10/site-packages/django/core/handlers/base.py", line 220, in _get_response
    response = response.render()
  File "/home/marty/remedial-system/.venv/lib/python3.10/site-packages/django/template/response.py", line 114, in render
    self.content = self.rendered_content
  File "/home/marty/remedial-system/.venv/lib/python3.10/site-packages/django/template/response.py", line 90, in rendered_content
    template = self.resolve_template(self.template_name)
  File "/home/marty/remedial-system/.venv/lib/python3.10/site-packages/django/template/response.py", line 72, in resolve_template
    return select_template(template, using=self.using)
  File "/home/marty/remedial-system/.venv/lib/python3.10/site-packages/django/template/loader.py", line 42, in select_template
    return engine.get_template(template_name)
  File "/home/marty/remedial-system/.venv/lib/python3.10/site-packages/django/template/backends/django.py", line 79, in get_template
    return Template(self.engine.get_template(template_name), self)
  File "/home/marty/remedial-system/.venv/lib/python3.10/site-packages/django/template/engine.py", line 177, in get_template
    template, origin = self.find_template(template_name)
  File "/home/marty/remedial-system/.venv/lib/python3.10/site-packages/django/template/engine.py", line 159, in find_template
    template = loader.get_template(name, skip=skip)
  File "/home/marty/remedial-system/.venv/lib/python3.10/site-packages/django/template/loaders/cached.py", line 57, in get_template
    template = super().get_template(template_name, skip)
  File "/home/marty/remedial-system/.venv/lib/python3.10/site-packages/django/template/loaders/base.py", line 28, in get_template
    return Template(
  File "/home/marty/remedial-system/.venv/lib/python3.10/site-packages/django/template/base.py", line 155, in __init__
    self.nodelist = self.compile_nodelist()
  File "/home/marty/remedial-system/.venv/lib/python3.10/site-packages/django/template/base.py", line 197, in compile_nodelist
    nodelist = parser.parse()
  File "/home/marty/remedial-system/.venv/lib/python3.10/site-packages/django/template/base.py", line 519, in parse
    raise self.error(token, e)
  File "/home/marty/remedial-system/.venv/lib/python3.10/site-packages/django/template/base.py", line 517, in parse
    compiled_result = compile_func(self, token)
  File "/home/marty/remedial-system/.venv/lib/python3.10/site-packages/django/template/loader_tags.py", line 299, in do_extends
    nodelist = parser.parse()
  File "/home/marty/remedial-system/.venv/lib/python3.10/site-packages/django/template/base.py", line 519, in parse
    raise self.error(token, e)
  File "/home/marty/remedial-system/.venv/lib/python3.10/site-packages/django/template/base.py", line 517, in parse
    compiled_result = compile_func(self, token)
  File "/home/marty/remedial-system/.venv/lib/python3.10/site-packages/django/template/loader_tags.py", line 234, in do_block
    nodelist = parser.parse(("endblock",))
  File "/home/marty/remedial-system/.venv/lib/python3.10/site-packages/django/template/base.py", line 490, in parse
    raise self.error(token, e)
  File "/home/marty/remedial-system/.venv/lib/python3.10/site-packages/django/template/base.py", line 488, in parse
    filter_expression = self.compile_filter(token.contents)
  File "/home/marty/remedial-system/.venv/lib/python3.10/site-packages/django/template/base.py", line 610, in compile_filter
    return FilterExpression(token, self)
  File "/home/marty/remedial-system/.venv/lib/python3.10/site-packages/django/template/base.py", line 706, in __init__
    filter_func = parser.find_filter(filter_name)
  File "/home/marty/remedial-system/.venv/lib/python3.10/site-packages/django/template/base.py", line 616, in find_filter
    raise TemplateSyntaxError("Invalid filter: '%s'" % filter_name)
django.template.exceptions.TemplateSyntaxError: Invalid filter: 'crispy'
"GET /remedial/accounts/a7403330-642c-4b9f-b8b4-d79a9cedd6c4/legal-cases/create/ HTTP/1.1" 500 172987
Internal Server Error: /remedial/accounts/a7403330-642c-4b9f-b8b4-d79a9cedd6c4/legal-cases/create/
Traceback (most recent call last):
  File "/home/marty/remedial-system/.venv/lib/python3.10/site-packages/django/core/handlers/exception.py", line 55, in inner
    response = get_response(request)
  File "/home/marty/remedial-system/.venv/lib/python3.10/site-packages/django/core/handlers/base.py", line 220, in _get_response
    response = response.render()
  File "/home/marty/remedial-system/.venv/lib/python3.10/site-packages/django/template/response.py", line 114, in render
    self.content = self.rendered_content
  File "/home/marty/remedial-system/.venv/lib/python3.10/site-packages/django/template/response.py", line 90, in rendered_content
    template = self.resolve_template(self.template_name)
  File "/home/marty/remedial-system/.venv/lib/python3.10/site-packages/django/template/response.py", line 72, in resolve_template
    return select_template(template, using=self.using)
  File "/home/marty/remedial-system/.venv/lib/python3.10/site-packages/django/template/loader.py", line 42, in select_template
    return engine.get_template(template_name)
  File "/home/marty/remedial-system/.venv/lib/python3.10/site-packages/django/template/backends/django.py", line 79, in get_template
    return Template(self.engine.get_template(template_name), self)
  File "/home/marty/remedial-system/.venv/lib/python3.10/site-packages/django/template/engine.py", line 177, in get_template
    template, origin = self.find_template(template_name)
  File "/home/marty/remedial-system/.venv/lib/python3.10/site-packages/django/template/engine.py", line 159, in find_template
    template = loader.get_template(name, skip=skip)
  File "/home/marty/remedial-system/.venv/lib/python3.10/site-packages/django/template/loaders/cached.py", line 57, in get_template
    template = super().get_template(template_name, skip)
  File "/home/marty/remedial-system/.venv/lib/python3.10/site-packages/django/template/loaders/base.py", line 28, in get_template
    return Template(
  File "/home/marty/remedial-system/.venv/lib/python3.10/site-packages/django/template/base.py", line 155, in __init__
    self.nodelist = self.compile_nodelist()
  File "/home/marty/remedial-system/.venv/lib/python3.10/site-packages/django/template/base.py", line 197, in compile_nodelist
    nodelist = parser.parse()
  File "/home/marty/remedial-system/.venv/lib/python3.10/site-packages/django/template/base.py", line 519, in parse
    raise self.error(token, e)
  File "/home/marty/remedial-system/.venv/lib/python3.10/site-packages/django/template/base.py", line 517, in parse
    compiled_result = compile_func(self, token)
  File "/home/marty/remedial-system/.venv/lib/python3.10/site-packages/django/template/loader_tags.py", line 299, in do_extends
    nodelist = parser.parse()
  File "/home/marty/remedial-system/.venv/lib/python3.10/site-packages/django/template/base.py", line 519, in parse
    raise self.error(token, e)
  File "/home/marty/remedial-system/.venv/lib/python3.10/site-packages/django/template/base.py", line 517, in parse
    compiled_result = compile_func(self, token)
  File "/home/marty/remedial-system/.venv/lib/python3.10/site-packages/django/template/loader_tags.py", line 234, in do_block
    nodelist = parser.parse(("endblock",))
  File "/home/marty/remedial-system/.venv/lib/python3.10/site-packages/django/template/base.py", line 490, in parse
    raise self.error(token, e)
  File "/home/marty/remedial-system/.venv/lib/python3.10/site-packages/django/template/base.py", line 488, in parse
    filter_expression = self.compile_filter(token.contents)
  File "/home/marty/remedial-system/.venv/lib/python3.10/site-packages/django/template/base.py", line 610, in compile_filter
    return FilterExpression(token, self)
  File "/home/marty/remedial-system/.venv/lib/python3.10/site-packages/django/template/base.py", line 706, in __init__
    filter_func = parser.find_filter(filter_name)
  File "/home/marty/remedial-system/.venv/lib/python3.10/site-packages/django/template/base.py", line 616, in find_filter
    raise TemplateSyntaxError("Invalid filter: '%s'" % filter_name)
django.template.exceptions.TemplateSyntaxError: Invalid filter: 'crispy'
"GET /remedial/accounts/a7403330-642c-4b9f-b8b4-d79a9cedd6c4/legal-cases/create/ HTTP/1.1" 500 173124
Internal Server Error: /remedial/accounts/a7403330-642c-4b9f-b8b4-d79a9cedd6c4/legal-cases/create/
Traceback (most recent call last):
  File "/home/marty/remedial-system/.venv/lib/python3.10/site-packages/django/core/handlers/exception.py", line 55, in inner
    response = get_response(request)
  File "/home/marty/remedial-system/.venv/lib/python3.10/site-packages/django/core/handlers/base.py", line 220, in _get_response
    response = response.render()
  File "/home/marty/remedial-system/.venv/lib/python3.10/site-packages/django/template/response.py", line 114, in render
    self.content = self.rendered_content
  File "/home/marty/remedial-system/.venv/lib/python3.10/site-packages/django/template/response.py", line 90, in rendered_content
    template = self.resolve_template(self.template_name)
  File "/home/marty/remedial-system/.venv/lib/python3.10/site-packages/django/template/response.py", line 72, in resolve_template
    return select_template(template, using=self.using)
  File "/home/marty/remedial-system/.venv/lib/python3.10/site-packages/django/template/loader.py", line 42, in select_template
    return engine.get_template(template_name)
  File "/home/marty/remedial-system/.venv/lib/python3.10/site-packages/django/template/backends/django.py", line 79, in get_template
    return Template(self.engine.get_template(template_name), self)
  File "/home/marty/remedial-system/.venv/lib/python3.10/site-packages/django/template/engine.py", line 177, in get_template
    template, origin = self.find_template(template_name)
  File "/home/marty/remedial-system/.venv/lib/python3.10/site-packages/django/template/engine.py", line 159, in find_template
    template = loader.get_template(name, skip=skip)
  File "/home/marty/remedial-system/.venv/lib/python3.10/site-packages/django/template/loaders/cached.py", line 57, in get_template
    template = super().get_template(template_name, skip)
  File "/home/marty/remedial-system/.venv/lib/python3.10/site-packages/django/template/loaders/base.py", line 28, in get_template
    return Template(
  File "/home/marty/remedial-system/.venv/lib/python3.10/site-packages/django/template/base.py", line 155, in __init__
    self.nodelist = self.compile_nodelist()
  File "/home/marty/remedial-system/.venv/lib/python3.10/site-packages/django/template/base.py", line 197, in compile_nodelist
    nodelist = parser.parse()
  File "/home/marty/remedial-system/.venv/lib/python3.10/site-packages/django/template/base.py", line 519, in parse
    raise self.error(token, e)
  File "/home/marty/remedial-system/.venv/lib/python3.10/site-packages/django/template/base.py", line 517, in parse
    compiled_result = compile_func(self, token)
  File "/home/marty/remedial-system/.venv/lib/python3.10/site-packages/django/template/loader_tags.py", line 299, in do_extends
    nodelist = parser.parse()
  File "/home/marty/remedial-system/.venv/lib/python3.10/site-packages/django/template/base.py", line 519, in parse
    raise self.error(token, e)
  File "/home/marty/remedial-system/.venv/lib/python3.10/site-packages/django/template/base.py", line 517, in parse
    compiled_result = compile_func(self, token)
  File "/home/marty/remedial-system/.venv/lib/python3.10/site-packages/django/template/loader_tags.py", line 234, in do_block
    nodelist = parser.parse(("endblock",))
  File "/home/marty/remedial-system/.venv/lib/python3.10/site-packages/django/template/base.py", line 490, in parse
    raise self.error(token, e)
  File "/home/marty/remedial-system/.venv/lib/python3.10/site-packages/django/template/base.py", line 488, in parse
    filter_expression = self.compile_filter(token.contents)
  File "/home/marty/remedial-system/.venv/lib/python3.10/site-packages/django/template/base.py", line 610, in compile_filter
    return FilterExpression(token, self)
  File "/home/marty/remedial-system/.venv/lib/python3.10/site-packages/django/template/base.py", line 706, in __init__
    filter_func = parser.find_filter(filter_name)
  File "/home/marty/remedial-system/.venv/lib/python3.10/site-packages/django/template/base.py", line 616, in find_filter
    raise TemplateSyntaxError("Invalid filter: '%s'" % filter_name)
django.template.exceptions.TemplateSyntaxError: Invalid filter: 'crispy'
"GET /remedial/accounts/a7403330-642c-4b9f-b8b4-d79a9cedd6c4/legal-cases/create/ HTTP/1.1" 500 173124
Internal Server Error: /remedial/accounts/a7403330-642c-4b9f-b8b4-d79a9cedd6c4/legal-cases/create/
Traceback (most recent call last):
  File "/home/marty/remedial-system/.venv/lib/python3.10/site-packages/django/core/handlers/exception.py", line 55, in inner
    response = get_response(request)
  File "/home/marty/remedial-system/.venv/lib/python3.10/site-packages/django/core/handlers/base.py", line 220, in _get_response
    response = response.render()
  File "/home/marty/remedial-system/.venv/lib/python3.10/site-packages/django/template/response.py", line 114, in render
    self.content = self.rendered_content
  File "/home/marty/remedial-system/.venv/lib/python3.10/site-packages/django/template/response.py", line 90, in rendered_content
    template = self.resolve_template(self.template_name)
  File "/home/marty/remedial-system/.venv/lib/python3.10/site-packages/django/template/response.py", line 72, in resolve_template
    return select_template(template, using=self.using)
  File "/home/marty/remedial-system/.venv/lib/python3.10/site-packages/django/template/loader.py", line 42, in select_template
    return engine.get_template(template_name)
  File "/home/marty/remedial-system/.venv/lib/python3.10/site-packages/django/template/backends/django.py", line 79, in get_template
    return Template(self.engine.get_template(template_name), self)
  File "/home/marty/remedial-system/.venv/lib/python3.10/site-packages/django/template/engine.py", line 177, in get_template
    template, origin = self.find_template(template_name)
  File "/home/marty/remedial-system/.venv/lib/python3.10/site-packages/django/template/engine.py", line 159, in find_template
    template = loader.get_template(name, skip=skip)
  File "/home/marty/remedial-system/.venv/lib/python3.10/site-packages/django/template/loaders/cached.py", line 57, in get_template
    template = super().get_template(template_name, skip)
  File "/home/marty/remedial-system/.venv/lib/python3.10/site-packages/django/template/loaders/base.py", line 28, in get_template
    return Template(
  File "/home/marty/remedial-system/.venv/lib/python3.10/site-packages/django/template/base.py", line 155, in __init__
    self.nodelist = self.compile_nodelist()
  File "/home/marty/remedial-system/.venv/lib/python3.10/site-packages/django/template/base.py", line 197, in compile_nodelist
    nodelist = parser.parse()
  File "/home/marty/remedial-system/.venv/lib/python3.10/site-packages/django/template/base.py", line 519, in parse
    raise self.error(token, e)
  File "/home/marty/remedial-system/.venv/lib/python3.10/site-packages/django/template/base.py", line 517, in parse
    compiled_result = compile_func(self, token)
  File "/home/marty/remedial-system/.venv/lib/python3.10/site-packages/django/template/loader_tags.py", line 299, in do_extends
    nodelist = parser.parse()
  File "/home/marty/remedial-system/.venv/lib/python3.10/site-packages/django/template/base.py", line 519, in parse
    raise self.error(token, e)
  File "/home/marty/remedial-system/.venv/lib/python3.10/site-packages/django/template/base.py", line 517, in parse
    compiled_result = compile_func(self, token)
  File "/home/marty/remedial-system/.venv/lib/python3.10/site-packages/django/template/loader_tags.py", line 234, in do_block
    nodelist = parser.parse(("endblock",))
  File "/home/marty/remedial-system/.venv/lib/python3.10/site-packages/django/template/base.py", line 490, in parse
    raise self.error(token, e)
  File "/home/marty/remedial-system/.venv/lib/python3.10/site-packages/django/template/base.py", line 488, in parse
    filter_expression = self.compile_filter(token.contents)
  File "/home/marty/remedial-system/.venv/lib/python3.10/site-packages/django/template/base.py", line 610, in compile_filter
    return FilterExpression(token, self)
  File "/home/marty/remedial-system/.venv/lib/python3.10/site-packages/django/template/base.py", line 706, in __init__
    filter_func = parser.find_filter(filter_name)
  File "/home/marty/remedial-system/.venv/lib/python3.10/site-packages/django/template/base.py", line 616, in find_filter
    raise TemplateSyntaxError("Invalid filter: '%s'" % filter_name)
django.template.exceptions.TemplateSyntaxError: Invalid filter: 'crispy'
"GET /remedial/accounts/a7403330-642c-4b9f-b8b4-d79a9cedd6c4/legal-cases/create/ HTTP/1.1" 500 173124
Watching for file changes with StatReloader
Internal Server Error: /remedial/accounts/a7403330-642c-4b9f-b8b4-d79a9cedd6c4/legal-cases/create/
Traceback (most recent call last):
  File "/home/marty/remedial-system/.venv/lib/python3.10/site-packages/django/core/handlers/exception.py", line 55, in inner
    response = get_response(request)
  File "/home/marty/remedial-system/.venv/lib/python3.10/site-packages/django/core/handlers/base.py", line 220, in _get_response
    response = response.render()
  File "/home/marty/remedial-system/.venv/lib/python3.10/site-packages/django/template/response.py", line 114, in render
    self.content = self.rendered_content
  File "/home/marty/remedial-system/.venv/lib/python3.10/site-packages/django/template/response.py", line 90, in rendered_content
    template = self.resolve_template(self.template_name)
  File "/home/marty/remedial-system/.venv/lib/python3.10/site-packages/django/template/response.py", line 72, in resolve_template
    return select_template(template, using=self.using)
  File "/home/marty/remedial-system/.venv/lib/python3.10/site-packages/django/template/loader.py", line 42, in select_template
    return engine.get_template(template_name)
  File "/home/marty/remedial-system/.venv/lib/python3.10/site-packages/django/template/backends/django.py", line 79, in get_template
    return Template(self.engine.get_template(template_name), self)
  File "/home/marty/remedial-system/.venv/lib/python3.10/site-packages/django/template/engine.py", line 177, in get_template
    template, origin = self.find_template(template_name)
  File "/home/marty/remedial-system/.venv/lib/python3.10/site-packages/django/template/engine.py", line 159, in find_template
    template = loader.get_template(name, skip=skip)
  File "/home/marty/remedial-system/.venv/lib/python3.10/site-packages/django/template/loaders/cached.py", line 57, in get_template
    template = super().get_template(template_name, skip)
  File "/home/marty/remedial-system/.venv/lib/python3.10/site-packages/django/template/loaders/base.py", line 28, in get_template
    return Template(
  File "/home/marty/remedial-system/.venv/lib/python3.10/site-packages/django/template/base.py", line 155, in __init__
    self.nodelist = self.compile_nodelist()
  File "/home/marty/remedial-system/.venv/lib/python3.10/site-packages/django/template/base.py", line 197, in compile_nodelist
    nodelist = parser.parse()
  File "/home/marty/remedial-system/.venv/lib/python3.10/site-packages/django/template/base.py", line 519, in parse
    raise self.error(token, e)
  File "/home/marty/remedial-system/.venv/lib/python3.10/site-packages/django/template/base.py", line 517, in parse
    compiled_result = compile_func(self, token)
  File "/home/marty/remedial-system/.venv/lib/python3.10/site-packages/django/template/loader_tags.py", line 299, in do_extends
    nodelist = parser.parse()
  File "/home/marty/remedial-system/.venv/lib/python3.10/site-packages/django/template/base.py", line 519, in parse
    raise self.error(token, e)
  File "/home/marty/remedial-system/.venv/lib/python3.10/site-packages/django/template/base.py", line 517, in parse
    compiled_result = compile_func(self, token)
  File "/home/marty/remedial-system/.venv/lib/python3.10/site-packages/django/template/loader_tags.py", line 234, in do_block
    nodelist = parser.parse(("endblock",))
  File "/home/marty/remedial-system/.venv/lib/python3.10/site-packages/django/template/base.py", line 490, in parse
    raise self.error(token, e)
  File "/home/marty/remedial-system/.venv/lib/python3.10/site-packages/django/template/base.py", line 488, in parse
    filter_expression = self.compile_filter(token.contents)
  File "/home/marty/remedial-system/.venv/lib/python3.10/site-packages/django/template/base.py", line 610, in compile_filter
    return FilterExpression(token, self)
  File "/home/marty/remedial-system/.venv/lib/python3.10/site-packages/django/template/base.py", line 706, in __init__
    filter_func = parser.find_filter(filter_name)
  File "/home/marty/remedial-system/.venv/lib/python3.10/site-packages/django/template/base.py", line 616, in find_filter
    raise TemplateSyntaxError("Invalid filter: '%s'" % filter_name)
django.template.exceptions.TemplateSyntaxError: Invalid filter: 'crispy'
"GET /remedial/accounts/a7403330-642c-4b9f-b8b4-d79a9cedd6c4/legal-cases/create/ HTTP/1.1" 500 173124
Internal Server Error: /remedial/accounts/a7403330-642c-4b9f-b8b4-d79a9cedd6c4/legal-cases/create/
Traceback (most recent call last):
  File "/home/marty/remedial-system/.venv/lib/python3.10/site-packages/django/core/handlers/exception.py", line 55, in inner
    response = get_response(request)
  File "/home/marty/remedial-system/.venv/lib/python3.10/site-packages/django/core/handlers/base.py", line 220, in _get_response
    response = response.render()
  File "/home/marty/remedial-system/.venv/lib/python3.10/site-packages/django/template/response.py", line 114, in render
    self.content = self.rendered_content
  File "/home/marty/remedial-system/.venv/lib/python3.10/site-packages/django/template/response.py", line 90, in rendered_content
    template = self.resolve_template(self.template_name)
  File "/home/marty/remedial-system/.venv/lib/python3.10/site-packages/django/template/response.py", line 72, in resolve_template
    return select_template(template, using=self.using)
  File "/home/marty/remedial-system/.venv/lib/python3.10/site-packages/django/template/loader.py", line 42, in select_template
    return engine.get_template(template_name)
  File "/home/marty/remedial-system/.venv/lib/python3.10/site-packages/django/template/backends/django.py", line 79, in get_template
    return Template(self.engine.get_template(template_name), self)
  File "/home/marty/remedial-system/.venv/lib/python3.10/site-packages/django/template/engine.py", line 177, in get_template
    template, origin = self.find_template(template_name)
  File "/home/marty/remedial-system/.venv/lib/python3.10/site-packages/django/template/engine.py", line 159, in find_template
    template = loader.get_template(name, skip=skip)
  File "/home/marty/remedial-system/.venv/lib/python3.10/site-packages/django/template/loaders/cached.py", line 57, in get_template
    template = super().get_template(template_name, skip)
  File "/home/marty/remedial-system/.venv/lib/python3.10/site-packages/django/template/loaders/base.py", line 28, in get_template
    return Template(
  File "/home/marty/remedial-system/.venv/lib/python3.10/site-packages/django/template/base.py", line 155, in __init__
    self.nodelist = self.compile_nodelist()
  File "/home/marty/remedial-system/.venv/lib/python3.10/site-packages/django/template/base.py", line 197, in compile_nodelist
    nodelist = parser.parse()
  File "/home/marty/remedial-system/.venv/lib/python3.10/site-packages/django/template/base.py", line 519, in parse
    raise self.error(token, e)
  File "/home/marty/remedial-system/.venv/lib/python3.10/site-packages/django/template/base.py", line 517, in parse
    compiled_result = compile_func(self, token)
  File "/home/marty/remedial-system/.venv/lib/python3.10/site-packages/django/template/loader_tags.py", line 299, in do_extends
    nodelist = parser.parse()
  File "/home/marty/remedial-system/.venv/lib/python3.10/site-packages/django/template/base.py", line 519, in parse
    raise self.error(token, e)
  File "/home/marty/remedial-system/.venv/lib/python3.10/site-packages/django/template/base.py", line 517, in parse
    compiled_result = compile_func(self, token)
  File "/home/marty/remedial-system/.venv/lib/python3.10/site-packages/django/template/loader_tags.py", line 234, in do_block
    nodelist = parser.parse(("endblock",))
  File "/home/marty/remedial-system/.venv/lib/python3.10/site-packages/django/template/base.py", line 490, in parse
    raise self.error(token, e)
  File "/home/marty/remedial-system/.venv/lib/python3.10/site-packages/django/template/base.py", line 488, in parse
    filter_expression = self.compile_filter(token.contents)
  File "/home/marty/remedial-system/.venv/lib/python3.10/site-packages/django/template/base.py", line 610, in compile_filter
    return FilterExpression(token, self)
  File "/home/marty/remedial-system/.venv/lib/python3.10/site-packages/django/template/base.py", line 706, in __init__
    filter_func = parser.find_filter(filter_name)
  File "/home/marty/remedial-system/.venv/lib/python3.10/site-packages/django/template/base.py", line 616, in find_filter
    raise TemplateSyntaxError("Invalid filter: '%s'" % filter_name)
django.template.exceptions.TemplateSyntaxError: Invalid filter: 'crispy'
"GET /remedial/accounts/a7403330-642c-4b9f-b8b4-d79a9cedd6c4/legal-cases/create/ HTTP/1.1" 500 172987
"GET /remedial/ HTTP/1.1" 200 1699
"GET /remedial/a7403330-642c-4b9f-b8b4-d79a9cedd6c4/ HTTP/1.1" 200 2674
Internal Server Error: /remedial/accounts/a7403330-642c-4b9f-b8b4-d79a9cedd6c4/legal-cases/create/
Traceback (most recent call last):
  File "/home/marty/remedial-system/.venv/lib/python3.10/site-packages/django/core/handlers/exception.py", line 55, in inner
    response = get_response(request)
  File "/home/marty/remedial-system/.venv/lib/python3.10/site-packages/django/core/handlers/base.py", line 220, in _get_response
    response = response.render()
  File "/home/marty/remedial-system/.venv/lib/python3.10/site-packages/django/template/response.py", line 114, in render
    self.content = self.rendered_content
  File "/home/marty/remedial-system/.venv/lib/python3.10/site-packages/django/template/response.py", line 90, in rendered_content
    template = self.resolve_template(self.template_name)
  File "/home/marty/remedial-system/.venv/lib/python3.10/site-packages/django/template/response.py", line 72, in resolve_template
    return select_template(template, using=self.using)
  File "/home/marty/remedial-system/.venv/lib/python3.10/site-packages/django/template/loader.py", line 42, in select_template
    return engine.get_template(template_name)
  File "/home/marty/remedial-system/.venv/lib/python3.10/site-packages/django/template/backends/django.py", line 79, in get_template
    return Template(self.engine.get_template(template_name), self)
  File "/home/marty/remedial-system/.venv/lib/python3.10/site-packages/django/template/engine.py", line 177, in get_template
    template, origin = self.find_template(template_name)
  File "/home/marty/remedial-system/.venv/lib/python3.10/site-packages/django/template/engine.py", line 159, in find_template
    template = loader.get_template(name, skip=skip)
  File "/home/marty/remedial-system/.venv/lib/python3.10/site-packages/django/template/loaders/cached.py", line 57, in get_template
    template = super().get_template(template_name, skip)
  File "/home/marty/remedial-system/.venv/lib/python3.10/site-packages/django/template/loaders/base.py", line 28, in get_template
    return Template(
  File "/home/marty/remedial-system/.venv/lib/python3.10/site-packages/django/template/base.py", line 155, in __init__
    self.nodelist = self.compile_nodelist()
  File "/home/marty/remedial-system/.venv/lib/python3.10/site-packages/django/template/base.py", line 197, in compile_nodelist
    nodelist = parser.parse()
  File "/home/marty/remedial-system/.venv/lib/python3.10/site-packages/django/template/base.py", line 519, in parse
    raise self.error(token, e)
  File "/home/marty/remedial-system/.venv/lib/python3.10/site-packages/django/template/base.py", line 517, in parse
    compiled_result = compile_func(self, token)
  File "/home/marty/remedial-system/.venv/lib/python3.10/site-packages/django/template/loader_tags.py", line 299, in do_extends
    nodelist = parser.parse()
  File "/home/marty/remedial-system/.venv/lib/python3.10/site-packages/django/template/base.py", line 519, in parse
    raise self.error(token, e)
  File "/home/marty/remedial-system/.venv/lib/python3.10/site-packages/django/template/base.py", line 517, in parse
    compiled_result = compile_func(self, token)
  File "/home/marty/remedial-system/.venv/lib/python3.10/site-packages/django/template/loader_tags.py", line 234, in do_block
    nodelist = parser.parse(("endblock",))
  File "/home/marty/remedial-system/.venv/lib/python3.10/site-packages/django/template/base.py", line 490, in parse
    raise self.error(token, e)
  File "/home/marty/remedial-system/.venv/lib/python3.10/site-packages/django/template/base.py", line 488, in parse
    filter_expression = self.compile_filter(token.contents)
  File "/home/marty/remedial-system/.venv/lib/python3.10/site-packages/django/template/base.py", line 610, in compile_filter
    return FilterExpression(token, self)
  File "/home/marty/remedial-system/.venv/lib/python3.10/site-packages/django/template/base.py", line 706, in __init__
    filter_func = parser.find_filter(filter_name)
  File "/home/marty/remedial-system/.venv/lib/python3.10/site-packages/django/template/base.py", line 616, in find_filter
    raise TemplateSyntaxError("Invalid filter: '%s'" % filter_name)
django.template.exceptions.TemplateSyntaxError: Invalid filter: 'crispy'
"GET /remedial/accounts/a7403330-642c-4b9f-b8b4-d79a9cedd6c4/legal-cases/create/ HTTP/1.1" 500 172987
"GET /remedial/accounts/a7403330-642c-4b9f-b8b4-d79a9cedd6c4/legal-cases/create/ HTTP/1.1" 200 4358
"POST /remedial/accounts/a7403330-642c-4b9f-b8b4-d79a9cedd6c4/legal-cases/create/ HTTP/1.1" 302 0
"GET /remedial/a7403330-642c-4b9f-b8b4-d79a9cedd6c4/ HTTP/1.1" 200 2825
"GET /remedial/accounts/a7403330-642c-4b9f-b8b4-d79a9cedd6c4/legal-cases/create/ HTTP/1.1" 200 3214
"GET /admin/remedial/remedialaccount/ HTTP/1.1" 200 16388
"GET /remedial/a7403330-642c-4b9f-b8b4-d79a9cedd6c4/ HTTP/1.1" 200 2717
Not Found: /remedial/a7403330-642c-4b9f-b8b4-d79a9cedd6c4/ass
"GET /remedial/a7403330-642c-4b9f-b8b4-d79a9cedd6c4/ass HTTP/1.1" 404 6037
Not Found: /remedial/a7403330-642c-4b9f-b8b4-d79a9cedd6c4/compromise/create
"GET /remedial/a7403330-642c-4b9f-b8b4-d79a9cedd6c4/compromise/create HTTP/1.1" 404 6079
Not Found: /remedial/a7403330-642c-4b9f-b8b4-d79a9cedd6c4/compromises/create
"GET /remedial/a7403330-642c-4b9f-b8b4-d79a9cedd6c4/compromises/create HTTP/1.1" 404 6082
Not Found: /remedial/compromise/a7403330-642c-4b9f-b8b4-d79a9cedd6c4/
"GET /remedial/compromise/a7403330-642c-4b9f-b8b4-d79a9cedd6c4/ HTTP/1.1" 404 6061
Not Found: /accounts/compromise/a7403330-642c-4b9f-b8b4-d79a9cedd6c4/
"GET /accounts/compromise/a7403330-642c-4b9f-b8b4-d79a9cedd6c4/ HTTP/1.1" 404 2511
Not Found: /accounts
"GET /accounts HTTP/1.1" 404 2364
/home/marty/remedial-system/apps/remedial/urls.py changed, reloading.
Watching for file changes with StatReloader
/home/marty/remedial-system/apps/remedial/urls.py changed, reloading.
Watching for file changes with StatReloader
/home/marty/remedial-system/apps/remedial/views.py changed, reloading.
Watching for file changes with StatReloader
/home/marty/remedial-system/apps/remedial/views.py changed, reloading.
Watching for file changes with StatReloader
"GET /remedial/a7403330-642c-4b9f-b8b4-d79a9cedd6c4/ HTTP/1.1" 200 9888
"GET /remedial/a7403330-642c-4b9f-b8b4-d79a9cedd6c4/ HTTP/1.1" 200 9888
/home/marty/remedial-system/apps/remedial/views.py changed, reloading.
Watching for file changes with StatReloader
"GET /remedial/a7403330-642c-4b9f-b8b4-d79a9cedd6c4/ HTTP/1.1" 200 10057
"GET /remedial/accounts/a7403330-642c-4b9f-b8b4-d79a9cedd6c4/legal-cases/create/ HTTP/1.1" 200 10554
"GET /remedial/accounts/a7403330-642c-4b9f-b8b4-d79a9cedd6c4/legal-cases/create/ HTTP/1.1" 200 10929
Internal Server Error: /remedial/
Traceback (most recent call last):
  File "/home/marty/remedial-system/.venv/lib/python3.10/site-packages/django/core/handlers/exception.py", line 55, in inner
    response = get_response(request)
  File "/home/marty/remedial-system/.venv/lib/python3.10/site-packages/django/core/handlers/base.py", line 197, in _get_response
    response = wrapped_callback(request, *callback_args, **callback_kwargs)
  File "/home/marty/remedial-system/.venv/lib/python3.10/site-packages/django/views/generic/base.py", line 105, in view
    return self.dispatch(request, *args, **kwargs)
  File "/home/marty/remedial-system/.venv/lib/python3.10/site-packages/django/contrib/auth/mixins.py", line 73, in dispatch
    return super().dispatch(request, *args, **kwargs)
  File "/home/marty/remedial-system/.venv/lib/python3.10/site-packages/django/contrib/auth/mixins.py", line 109, in dispatch
    return super().dispatch(request, *args, **kwargs)
  File "/home/marty/remedial-system/.venv/lib/python3.10/site-packages/django/views/generic/base.py", line 144, in dispatch
    return handler(request, *args, **kwargs)
  File "/home/marty/remedial-system/.venv/lib/python3.10/site-packages/django/views/generic/list.py", line 178, in get
    context = self.get_context_data()
  File "/home/marty/remedial-system/apps/remedial/views.py", line 476, in get_context_data
    context["officers"] = get_user_model().objects.all()
NameError: name 'get_user_model' is not defined
"GET /remedial/ HTTP/1.1" 500 86905
"GET /remedial/accounts/ HTTP/1.1" 200 11074
Internal Server Error: /remedial/compromises/
Traceback (most recent call last):
  File "/home/marty/remedial-system/.venv/lib/python3.10/site-packages/django/core/handlers/exception.py", line 55, in inner
    response = get_response(request)
  File "/home/marty/remedial-system/.venv/lib/python3.10/site-packages/django/core/handlers/base.py", line 220, in _get_response
    response = response.render()
  File "/home/marty/remedial-system/.venv/lib/python3.10/site-packages/django/template/response.py", line 114, in render
    self.content = self.rendered_content
  File "/home/marty/remedial-system/.venv/lib/python3.10/site-packages/django/template/response.py", line 90, in rendered_content
    template = self.resolve_template(self.template_name)
  File "/home/marty/remedial-system/.venv/lib/python3.10/site-packages/django/template/response.py", line 72, in resolve_template
    return select_template(template, using=self.using)
  File "/home/marty/remedial-system/.venv/lib/python3.10/site-packages/django/template/loader.py", line 47, in select_template
    raise TemplateDoesNotExist(", ".join(template_name_list), chain=chain)
django.template.exceptions.TemplateDoesNotExist: remedial/compromiseagreement_list.html, remedial/compromiseagreement_list.html
"GET /remedial/compromises/ HTTP/1.1" 500 80274
/home/marty/remedial-system/apps/remedial/views.py changed, reloading.
Watching for file changes with StatReloader
/home/marty/remedial-system/apps/remedial/urls.py changed, reloading.
Watching for file changes with StatReloader
/home/marty/remedial-system/apps/remedial/views.py changed, reloading.
Watching for file changes with StatReloader
Watching for file changes with StatReloader
/home/marty/remedial-system/apps/remedial/urls.py changed, reloading.
Watching for file changes with StatReloader
Watching for file changes with StatReloader
Watching for file changes with StatReloader
Watching for file changes with StatReloader
"GET /remedial/bootstrap-test/ HTTP/1.1" 200 1452
"GET /remedial/ HTTP/1.1" 302 0
Not Found: /accounts/login/
"GET /accounts/login/?next=/remedial/ HTTP/1.1" 404 2398
/home/marty/remedial-system/remedial_project/urls.py changed, reloading.
Watching for file changes with StatReloader
Watching for file changes with StatReloader
"GET /remedial/ HTTP/1.1" 302 0
Internal Server Error: /accounts/login/
Traceback (most recent call last):
  File "/home/marty/remedial-system/.venv/lib/python3.10/site-packages/django/core/handlers/exception.py", line 55, in inner
    response = get_response(request)
  File "/home/marty/remedial-system/.venv/lib/python3.10/site-packages/django/core/handlers/base.py", line 220, in _get_response
    response = response.render()
  File "/home/marty/remedial-system/.venv/lib/python3.10/site-packages/django/template/response.py", line 114, in render
    self.content = self.rendered_content
  File "/home/marty/remedial-system/.venv/lib/python3.10/site-packages/django/template/response.py", line 90, in rendered_content
    template = self.resolve_template(self.template_name)
  File "/home/marty/remedial-system/.venv/lib/python3.10/site-packages/django/template/response.py", line 72, in resolve_template
    return select_template(template, using=self.using)
  File "/home/marty/remedial-system/.venv/lib/python3.10/site-packages/django/template/loader.py", line 47, in select_template
    raise TemplateDoesNotExist(", ".join(template_name_list), chain=chain)
django.template.exceptions.TemplateDoesNotExist: registration/login.html
"GET /accounts/login/?next=/remedial/ HTTP/1.1" 500 76915
Internal Server Error: /accounts/login/
Traceback (most recent call last):
  File "/home/marty/remedial-system/.venv/lib/python3.10/site-packages/django/core/handlers/exception.py", line 55, in inner
    response = get_response(request)
  File "/home/marty/remedial-system/.venv/lib/python3.10/site-packages/django/core/handlers/base.py", line 220, in _get_response
    response = response.render()
  File "/home/marty/remedial-system/.venv/lib/python3.10/site-packages/django/template/response.py", line 114, in render
    self.content = self.rendered_content
  File "/home/marty/remedial-system/.venv/lib/python3.10/site-packages/django/template/response.py", line 90, in rendered_content
    template = self.resolve_template(self.template_name)
  File "/home/marty/remedial-system/.venv/lib/python3.10/site-packages/django/template/response.py", line 72, in resolve_template
    return select_template(template, using=self.using)
  File "/home/marty/remedial-system/.venv/lib/python3.10/site-packages/django/template/loader.py", line 47, in select_template
    raise TemplateDoesNotExist(", ".join(template_name_list), chain=chain)
django.template.exceptions.TemplateDoesNotExist: registration/login.html
"GET /accounts/login/ HTTP/1.1" 500 76517
/home/marty/remedial-system/apps/remedial/views.py changed, reloading.
Watching for file changes with StatReloader
/home/marty/remedial-system/apps/remedial/views.py changed, reloading.
Watching for file changes with StatReloader
/home/marty/remedial-system/apps/remedial/urls.py changed, reloading.
Watching for file changes with StatReloader
Watching for file changes with StatReloader
Internal Server Error: /remedial/
Traceback (most recent call last):
  File "/home/marty/remedial-system/.venv/lib/python3.10/site-packages/django/core/handlers/exception.py", line 55, in inner
    response = get_response(request)
  File "/home/marty/remedial-system/.venv/lib/python3.10/site-packages/django/core/handlers/base.py", line 197, in _get_response
    response = wrapped_callback(request, *callback_args, **callback_kwargs)
  File "/home/marty/remedial-system/apps/remedial/views.py", line 174, in custom_login_view
    return render(request, 'custom_login.html', {'form': form})
  File "/home/marty/remedial-system/.venv/lib/python3.10/site-packages/django/shortcuts.py", line 25, in render
    content = loader.render_to_string(template_name, context, request, using=using)
  File "/home/marty/remedial-system/.venv/lib/python3.10/site-packages/django/template/loader.py", line 62, in render_to_string
    return template.render(context, request)
  File "/home/marty/remedial-system/.venv/lib/python3.10/site-packages/django/template/backends/django.py", line 107, in render
    return self.template.render(context)
  File "/home/marty/remedial-system/.venv/lib/python3.10/site-packages/django/template/base.py", line 172, in render
    return self._render(context)
  File "/home/marty/remedial-system/.venv/lib/python3.10/site-packages/django/template/base.py", line 164, in _render
    return self.nodelist.render(context)
  File "/home/marty/remedial-system/.venv/lib/python3.10/site-packages/django/template/base.py", line 1018, in render
    return SafeString("".join([node.render_annotated(context) for node in self]))
  File "/home/marty/remedial-system/.venv/lib/python3.10/site-packages/django/template/base.py", line 1018, in <listcomp>
    return SafeString("".join([node.render_annotated(context) for node in self]))
  File "/home/marty/remedial-system/.venv/lib/python3.10/site-packages/django/template/base.py", line 979, in render_annotated
    return self.render(context)
  File "/home/marty/remedial-system/.venv/lib/python3.10/site-packages/django/template/loader_tags.py", line 159, in render
    return compiled_parent._render(context)
  File "/home/marty/remedial-system/.venv/lib/python3.10/site-packages/django/template/base.py", line 164, in _render
    return self.nodelist.render(context)
  File "/home/marty/remedial-system/.venv/lib/python3.10/site-packages/django/template/base.py", line 1018, in render
    return SafeString("".join([node.render_annotated(context) for node in self]))
  File "/home/marty/remedial-system/.venv/lib/python3.10/site-packages/django/template/base.py", line 1018, in <listcomp>
    return SafeString("".join([node.render_annotated(context) for node in self]))
  File "/home/marty/remedial-system/.venv/lib/python3.10/site-packages/django/template/base.py", line 979, in render_annotated
    return self.render(context)
  File "/home/marty/remedial-system/.venv/lib/python3.10/site-packages/django/template/loader_tags.py", line 210, in render
    return template.render(context)
  File "/home/marty/remedial-system/.venv/lib/python3.10/site-packages/django/template/base.py", line 174, in render
    return self._render(context)
  File "/home/marty/remedial-system/.venv/lib/python3.10/site-packages/django/template/base.py", line 164, in _render
    return self.nodelist.render(context)
  File "/home/marty/remedial-system/.venv/lib/python3.10/site-packages/django/template/base.py", line 1018, in render
    return SafeString("".join([node.render_annotated(context) for node in self]))
  File "/home/marty/remedial-system/.venv/lib/python3.10/site-packages/django/template/base.py", line 1018, in <listcomp>
    return SafeString("".join([node.render_annotated(context) for node in self]))
  File "/home/marty/remedial-system/.venv/lib/python3.10/site-packages/django/template/base.py", line 979, in render_annotated
    return self.render(context)
  File "/home/marty/remedial-system/.venv/lib/python3.10/site-packages/django/template/defaulttags.py", line 480, in render
    url = reverse(view_name, args=args, kwargs=kwargs, current_app=current_app)
  File "/home/marty/remedial-system/.venv/lib/python3.10/site-packages/django/urls/base.py", line 98, in reverse
    resolved_url = resolver._reverse_with_prefix(view, prefix, *args, **kwargs)
  File "/home/marty/remedial-system/.venv/lib/python3.10/site-packages/django/urls/resolvers.py", line 831, in _reverse_with_prefix
    raise NoReverseMatch(msg)
django.urls.exceptions.NoReverseMatch: Reverse for 'remedialaccount-list' not found. 'remedialaccount-list' is not a valid view function or pattern name.
"GET /remedial/ HTTP/1.1" 500 171073
Watching for file changes with StatReloader
"GET /remedial/ HTTP/1.1" 200 10418
"GET /remedial/bootstrap-test/ HTTP/1.1" 200 1452
"GET /remedial/dashboard/ HTTP/1.1" 302 0
"GET /accounts/login/?next=/remedial/dashboard/ HTTP/1.1" 200 10418
Watching for file changes with StatReloader
Watching for file changes with StatReloader
"GET /remedial/ HTTP/1.1" 200 10425
Not Found: /favicon.ico
"GET /favicon.ico HTTP/1.1" 404 2525
"POST /remedial/ HTTP/1.1" 302 0
Internal Server Error: /remedial/dashboard/
Traceback (most recent call last):
  File "/home/marty/remedial-system/.venv/lib/python3.10/site-packages/django/core/handlers/exception.py", line 55, in inner
    response = get_response(request)
  File "/home/marty/remedial-system/.venv/lib/python3.10/site-packages/django/core/handlers/base.py", line 220, in _get_response
    response = response.render()
  File "/home/marty/remedial-system/.venv/lib/python3.10/site-packages/django/template/response.py", line 114, in render
    self.content = self.rendered_content
  File "/home/marty/remedial-system/.venv/lib/python3.10/site-packages/django/template/response.py", line 92, in rendered_content
    return template.render(context, self._request)
  File "/home/marty/remedial-system/.venv/lib/python3.10/site-packages/django/template/backends/django.py", line 107, in render
    return self.template.render(context)
  File "/home/marty/remedial-system/.venv/lib/python3.10/site-packages/django/template/base.py", line 172, in render
    return self._render(context)
  File "/home/marty/remedial-system/.venv/lib/python3.10/site-packages/django/template/base.py", line 164, in _render
    return self.nodelist.render(context)
  File "/home/marty/remedial-system/.venv/lib/python3.10/site-packages/django/template/base.py", line 1018, in render
    return SafeString("".join([node.render_annotated(context) for node in self]))
  File "/home/marty/remedial-system/.venv/lib/python3.10/site-packages/django/template/base.py", line 1018, in <listcomp>
    return SafeString("".join([node.render_annotated(context) for node in self]))
  File "/home/marty/remedial-system/.venv/lib/python3.10/site-packages/django/template/base.py", line 979, in render_annotated
    return self.render(context)
  File "/home/marty/remedial-system/.venv/lib/python3.10/site-packages/django/template/loader_tags.py", line 159, in render
    return compiled_parent._render(context)
  File "/home/marty/remedial-system/.venv/lib/python3.10/site-packages/django/template/base.py", line 164, in _render
    return self.nodelist.render(context)
  File "/home/marty/remedial-system/.venv/lib/python3.10/site-packages/django/template/base.py", line 1018, in render
    return SafeString("".join([node.render_annotated(context) for node in self]))
  File "/home/marty/remedial-system/.venv/lib/python3.10/site-packages/django/template/base.py", line 1018, in <listcomp>
    return SafeString("".join([node.render_annotated(context) for node in self]))
  File "/home/marty/remedial-system/.venv/lib/python3.10/site-packages/django/template/base.py", line 979, in render_annotated
    return self.render(context)
  File "/home/marty/remedial-system/.venv/lib/python3.10/site-packages/django/template/loader_tags.py", line 65, in render
    result = block.nodelist.render(context)
  File "/home/marty/remedial-system/.venv/lib/python3.10/site-packages/django/template/base.py", line 1018, in render
    return SafeString("".join([node.render_annotated(context) for node in self]))
  File "/home/marty/remedial-system/.venv/lib/python3.10/site-packages/django/template/base.py", line 1018, in <listcomp>
    return SafeString("".join([node.render_annotated(context) for node in self]))
  File "/home/marty/remedial-system/.venv/lib/python3.10/site-packages/django/template/base.py", line 979, in render_annotated
    return self.render(context)
  File "/home/marty/remedial-system/.venv/lib/python3.10/site-packages/django/template/defaulttags.py", line 480, in render
    url = reverse(view_name, args=args, kwargs=kwargs, current_app=current_app)
  File "/home/marty/remedial-system/.venv/lib/python3.10/site-packages/django/urls/base.py", line 98, in reverse
    resolved_url = resolver._reverse_with_prefix(view, prefix, *args, **kwargs)
  File "/home/marty/remedial-system/.venv/lib/python3.10/site-packages/django/urls/resolvers.py", line 831, in _reverse_with_prefix
    raise NoReverseMatch(msg)
django.urls.exceptions.NoReverseMatch: Reverse for 'remedialaccount-list' not found. 'remedialaccount-list' is not a valid view function or pattern name.
"GET /remedial/dashboard/ HTTP/1.1" 500 172240
/home/marty/remedial-system/apps/remedial/urls.py changed, reloading.
/home/marty/remedial-system/apps/remedial/urls.py changed, reloading.
Watching for file changes with StatReloader
Watching for file changes with StatReloader
/home/marty/remedial-system/apps/remedial/views.py changed, reloading.
/home/marty/remedial-system/apps/remedial/views.py changed, reloading.
Watching for file changes with StatReloader
Watching for file changes with StatReloader
/home/marty/remedial-system/apps/remedial/views.py changed, reloading.
Watching for file changes with StatReloader
/home/marty/remedial-system/apps/remedial/views.py changed, reloading.
Watching for file changes with StatReloader
/home/marty/remedial-system/apps/remedial/urls.py changed, reloading.
/home/marty/remedial-system/apps/remedial/urls.py changed, reloading.
Watching for file changes with StatReloader
Watching for file changes with StatReloader
/home/marty/remedial-system/apps/remedial/views.py changed, reloading.
/home/marty/remedial-system/apps/remedial/views.py changed, reloading.
Watching for file changes with StatReloader
Watching for file changes with StatReloader
/home/marty/remedial-system/apps/remedial/views.py changed, reloading.
/home/marty/remedial-system/apps/remedial/views.py changed, reloading.
Watching for file changes with StatReloader
Watching for file changes with StatReloader
/home/marty/remedial-system/apps/remedial/views.py changed, reloading.
Watching for file changes with StatReloader
/home/marty/remedial-system/apps/remedial/views.py changed, reloading.
Watching for file changes with StatReloader
/home/marty/remedial-system/apps/remedial/views.py changed, reloading.
Watching for file changes with StatReloader
/home/marty/remedial-system/apps/remedial/views.py changed, reloading.
Watching for file changes with StatReloader
/home/marty/remedial-system/apps/remedial/views.py changed, reloading.
Watching for file changes with StatReloader
/home/marty/remedial-system/apps/remedial/views.py changed, reloading.
Watching for file changes with StatReloader
/home/marty/remedial-system/apps/remedial/views.py changed, reloading.
Watching for file changes with StatReloader
/home/marty/remedial-system/apps/remedial/views.py changed, reloading.
Watching for file changes with StatReloader
/home/marty/remedial-system/apps/remedial/views.py changed, reloading.
Watching for file changes with StatReloader
/home/marty/remedial-system/apps/remedial/views.py changed, reloading.
Watching for file changes with StatReloader
/home/marty/remedial-system/apps/remedial/urls.py changed, reloading.
Watching for file changes with StatReloader
/home/marty/remedial-system/apps/remedial/urls.py changed, reloading.
Watching for file changes with StatReloader
Watching for file changes with StatReloader
"GET /remedial/dashboard/ HTTP/1.1" 302 0
"GET /accounts/login/?next=/remedial/dashboard/ HTTP/1.1" 200 10418
"GET /remedial/accounts/ HTTP/1.1" 302 0
"GET /remedial/ HTTP/1.1" 200 10418
"GET /remedial/accounts/ HTTP/1.1" 302 0
"GET /remedial/ HTTP/1.1" 200 10418
Forbidden (CSRF cookie not set.): /remedial/
"POST /remedial/ HTTP/1.1" 403 2855
Forbidden (CSRF cookie not set.): /remedial/
"POST /remedial/ HTTP/1.1" 403 2855
/home/marty/remedial-system/apps/remedial/views.py changed, reloading.
Watching for file changes with StatReloader
/home/marty/remedial-system/apps/remedial/views.py changed, reloading.
Watching for file changes with StatReloader
Watching for file changes with StatReloader
"GET /remedial/ HTTP/1.1" 200 10418
/home/marty/remedial-system/apps/remedial/views.py changed, reloading.
Watching for file changes with StatReloader
Watching for file changes with StatReloader
"POST /remedial/ HTTP/1.1" 302 0
Internal Server Error: /remedial/dashboard/
Traceback (most recent call last):
  File "/home/marty/remedial-system/.venv/lib/python3.10/site-packages/django/core/handlers/exception.py", line 55, in inner
    response = get_response(request)
  File "/home/marty/remedial-system/.venv/lib/python3.10/site-packages/django/core/handlers/base.py", line 197, in _get_response
    response = wrapped_callback(request, *callback_args, **callback_kwargs)
  File "/home/marty/remedial-system/.venv/lib/python3.10/site-packages/django/views/generic/base.py", line 105, in view
    return self.dispatch(request, *args, **kwargs)
  File "/home/marty/remedial-system/.venv/lib/python3.10/site-packages/django/utils/decorators.py", line 48, in _wrapper
    return bound_method(*args, **kwargs)
  File "/home/marty/remedial-system/.venv/lib/python3.10/site-packages/django/contrib/auth/decorators.py", line 59, in _view_wrapper
    return view_func(request, *args, **kwargs)
  File "/home/marty/remedial-system/.venv/lib/python3.10/site-packages/django/views/generic/base.py", line 144, in dispatch
    return handler(request, *args, **kwargs)
  File "/home/marty/remedial-system/.venv/lib/python3.10/site-packages/django/views/generic/list.py", line 158, in get
    self.object_list = self.get_queryset()
  File "/home/marty/remedial-system/.venv/lib/python3.10/site-packages/django/views/generic/list.py", line 36, in get_queryset
    raise ImproperlyConfigured(
django.core.exceptions.ImproperlyConfigured: DashboardView is missing a QuerySet. Define DashboardView.model, DashboardView.queryset, or override DashboardView.get_queryset().
"GET /remedial/dashboard/ HTTP/1.1" 500 86319
/home/marty/remedial-system/apps/remedial/views.py changed, reloading.
Watching for file changes with StatReloader
Watching for file changes with StatReloader
"POST /remedial/ HTTP/1.1" 302 0
"GET /remedial/dashboard/ HTTP/1.1" 200 16744
Internal Server Error: /remedial/accounts/
Traceback (most recent call last):
  File "/home/marty/remedial-system/.venv/lib/python3.10/site-packages/django/template/base.py", line 893, in _resolve_lookup
    current = current[bit]
  File "/home/marty/remedial-system/.venv/lib/python3.10/site-packages/django/template/context.py", line 88, in __getitem__
    raise KeyError(key)
KeyError: 'model_name'

During handling of the above exception, another exception occurred:

Traceback (most recent call last):
  File "/home/marty/remedial-system/.venv/lib/python3.10/site-packages/django/template/base.py", line 899, in _resolve_lookup
    if isinstance(current, BaseContext) and getattr(
AttributeError: type object 'RequestContext' has no attribute 'model_name'

During handling of the above exception, another exception occurred:

Traceback (most recent call last):
  File "/home/marty/remedial-system/.venv/lib/python3.10/site-packages/django/template/base.py", line 909, in _resolve_lookup
    current = current[int(bit)]
ValueError: invalid literal for int() with base 10: 'model_name'

During handling of the above exception, another exception occurred:

Traceback (most recent call last):
  File "/home/marty/remedial-system/.venv/lib/python3.10/site-packages/django/core/handlers/exception.py", line 55, in inner
    response = get_response(request)
  File "/home/marty/remedial-system/.venv/lib/python3.10/site-packages/django/core/handlers/base.py", line 197, in _get_response
    response = wrapped_callback(request, *callback_args, **callback_kwargs)
  File "/home/marty/remedial-system/apps/remedial/views.py", line 16, in test_accounts_view
    return render(request, 'remedial/generic_list.html', {
  File "/home/marty/remedial-system/.venv/lib/python3.10/site-packages/django/shortcuts.py", line 25, in render
    content = loader.render_to_string(template_name, context, request, using=using)
  File "/home/marty/remedial-system/.venv/lib/python3.10/site-packages/django/template/loader.py", line 62, in render_to_string
    return template.render(context, request)
  File "/home/marty/remedial-system/.venv/lib/python3.10/site-packages/django/template/backends/django.py", line 107, in render
    return self.template.render(context)
  File "/home/marty/remedial-system/.venv/lib/python3.10/site-packages/django/template/base.py", line 172, in render
    return self._render(context)
  File "/home/marty/remedial-system/.venv/lib/python3.10/site-packages/django/template/base.py", line 164, in _render
    return self.nodelist.render(context)
  File "/home/marty/remedial-system/.venv/lib/python3.10/site-packages/django/template/base.py", line 1018, in render
    return SafeString("".join([node.render_annotated(context) for node in self]))
  File "/home/marty/remedial-system/.venv/lib/python3.10/site-packages/django/template/base.py", line 1018, in <listcomp>
    return SafeString("".join([node.render_annotated(context) for node in self]))
  File "/home/marty/remedial-system/.venv/lib/python3.10/site-packages/django/template/base.py", line 979, in render_annotated
    return self.render(context)
  File "/home/marty/remedial-system/.venv/lib/python3.10/site-packages/django/template/loader_tags.py", line 159, in render
    return compiled_parent._render(context)
  File "/home/marty/remedial-system/.venv/lib/python3.10/site-packages/django/template/base.py", line 164, in _render
    return self.nodelist.render(context)
  File "/home/marty/remedial-system/.venv/lib/python3.10/site-packages/django/template/base.py", line 1018, in render
    return SafeString("".join([node.render_annotated(context) for node in self]))
  File "/home/marty/remedial-system/.venv/lib/python3.10/site-packages/django/template/base.py", line 1018, in <listcomp>
    return SafeString("".join([node.render_annotated(context) for node in self]))
  File "/home/marty/remedial-system/.venv/lib/python3.10/site-packages/django/template/base.py", line 979, in render_annotated
    return self.render(context)
  File "/home/marty/remedial-system/.venv/lib/python3.10/site-packages/django/template/loader_tags.py", line 65, in render
    result = block.nodelist.render(context)
  File "/home/marty/remedial-system/.venv/lib/python3.10/site-packages/django/template/base.py", line 1018, in render
    return SafeString("".join([node.render_annotated(context) for node in self]))
  File "/home/marty/remedial-system/.venv/lib/python3.10/site-packages/django/template/base.py", line 1018, in <listcomp>
    return SafeString("".join([node.render_annotated(context) for node in self]))
  File "/home/marty/remedial-system/.venv/lib/python3.10/site-packages/django/template/base.py", line 979, in render_annotated
    return self.render(context)
  File "/home/marty/remedial-system/.venv/lib/python3.10/site-packages/django/template/base.py", line 1077, in render
    output = self.filter_expression.resolve(context)
  File "/home/marty/remedial-system/.venv/lib/python3.10/site-packages/django/template/base.py", line 744, in resolve
    arg_vals.append(arg.resolve(context))
  File "/home/marty/remedial-system/.venv/lib/python3.10/site-packages/django/template/base.py", line 856, in resolve
    value = self._resolve_lookup(context)
  File "/home/marty/remedial-system/.venv/lib/python3.10/site-packages/django/template/base.py", line 916, in _resolve_lookup
    raise VariableDoesNotExist(
django.template.base.VariableDoesNotExist: Failed lookup for key [model_name] in [{'True': True, 'False': False, 'None': None}, {}, {}, {'title': 'Remedial Accounts', 'active_page': 'accounts', 'accounts': [], 'message': 'Accounts section - This will show remedial accounts when they are created.'}]
"GET /remedial/accounts/ HTTP/1.1" 500 185797
/home/marty/remedial-system/apps/remedial/views.py changed, reloading.
Watching for file changes with StatReloader
/home/marty/remedial-system/apps/remedial/views.py changed, reloading.
Watching for file changes with StatReloader
Watching for file changes with StatReloader
Internal Server Error: /remedial/dashboard/
Traceback (most recent call last):
  File "/home/marty/remedial-system/.venv/lib/python3.10/site-packages/django/core/handlers/exception.py", line 55, in inner
    response = get_response(request)
  File "/home/marty/remedial-system/.venv/lib/python3.10/site-packages/django/core/handlers/base.py", line 197, in _get_response
    response = wrapped_callback(request, *callback_args, **callback_kwargs)
  File "/home/marty/remedial-system/.venv/lib/python3.10/site-packages/django/views/generic/base.py", line 105, in view
    return self.dispatch(request, *args, **kwargs)
  File "/home/marty/remedial-system/.venv/lib/python3.10/site-packages/django/utils/decorators.py", line 48, in _wrapper
    return bound_method(*args, **kwargs)
  File "/home/marty/remedial-system/.venv/lib/python3.10/site-packages/django/contrib/auth/decorators.py", line 59, in _view_wrapper
    return view_func(request, *args, **kwargs)
  File "/home/marty/remedial-system/.venv/lib/python3.10/site-packages/django/views/generic/base.py", line 144, in dispatch
    return handler(request, *args, **kwargs)
  File "/home/marty/remedial-system/.venv/lib/python3.10/site-packages/django/views/generic/list.py", line 158, in get
    self.object_list = self.get_queryset()
  File "/home/marty/remedial-system/.venv/lib/python3.10/site-packages/django/views/generic/list.py", line 36, in get_queryset
    raise ImproperlyConfigured(
django.core.exceptions.ImproperlyConfigured: DashboardView is missing a QuerySet. Define DashboardView.model, DashboardView.queryset, or override DashboardView.get_queryset().
"GET /remedial/dashboard/ HTTP/1.1" 500 87456
"GET /remedial/accounts/ HTTP/1.1" 200 9907
"GET /remedial/compromises/ HTTP/1.1" 200 9922
"POST /remedial/ HTTP/1.1" 302 0
Internal Server Error: /remedial/dashboard/
Traceback (most recent call last):
  File "/home/marty/remedial-system/.venv/lib/python3.10/site-packages/django/core/handlers/exception.py", line 55, in inner
    response = get_response(request)
  File "/home/marty/remedial-system/.venv/lib/python3.10/site-packages/django/core/handlers/base.py", line 197, in _get_response
    response = wrapped_callback(request, *callback_args, **callback_kwargs)
  File "/home/marty/remedial-system/.venv/lib/python3.10/site-packages/django/views/generic/base.py", line 105, in view
    return self.dispatch(request, *args, **kwargs)
  File "/home/marty/remedial-system/.venv/lib/python3.10/site-packages/django/utils/decorators.py", line 48, in _wrapper
    return bound_method(*args, **kwargs)
  File "/home/marty/remedial-system/.venv/lib/python3.10/site-packages/django/contrib/auth/decorators.py", line 59, in _view_wrapper
    return view_func(request, *args, **kwargs)
  File "/home/marty/remedial-system/.venv/lib/python3.10/site-packages/django/views/generic/base.py", line 144, in dispatch
    return handler(request, *args, **kwargs)
  File "/home/marty/remedial-system/.venv/lib/python3.10/site-packages/django/views/generic/list.py", line 158, in get
    self.object_list = self.get_queryset()
  File "/home/marty/remedial-system/.venv/lib/python3.10/site-packages/django/views/generic/list.py", line 36, in get_queryset
    raise ImproperlyConfigured(
django.core.exceptions.ImproperlyConfigured: DashboardView is missing a QuerySet. Define DashboardView.model, DashboardView.queryset, or override DashboardView.get_queryset().
"GET /remedial/dashboard/ HTTP/1.1" 500 87456
"POST /remedial/ HTTP/1.1" 302 0
Internal Server Error: /remedial/dashboard/
Traceback (most recent call last):
  File "/home/marty/remedial-system/.venv/lib/python3.10/site-packages/django/core/handlers/exception.py", line 55, in inner
    response = get_response(request)
  File "/home/marty/remedial-system/.venv/lib/python3.10/site-packages/django/core/handlers/base.py", line 197, in _get_response
    response = wrapped_callback(request, *callback_args, **callback_kwargs)
  File "/home/marty/remedial-system/.venv/lib/python3.10/site-packages/django/views/generic/base.py", line 105, in view
    return self.dispatch(request, *args, **kwargs)
  File "/home/marty/remedial-system/.venv/lib/python3.10/site-packages/django/utils/decorators.py", line 48, in _wrapper
    return bound_method(*args, **kwargs)
  File "/home/marty/remedial-system/.venv/lib/python3.10/site-packages/django/contrib/auth/decorators.py", line 59, in _view_wrapper
    return view_func(request, *args, **kwargs)
  File "/home/marty/remedial-system/.venv/lib/python3.10/site-packages/django/views/generic/base.py", line 144, in dispatch
    return handler(request, *args, **kwargs)
  File "/home/marty/remedial-system/.venv/lib/python3.10/site-packages/django/views/generic/list.py", line 158, in get
    self.object_list = self.get_queryset()
  File "/home/marty/remedial-system/.venv/lib/python3.10/site-packages/django/views/generic/list.py", line 36, in get_queryset
    raise ImproperlyConfigured(
django.core.exceptions.ImproperlyConfigured: DashboardView is missing a QuerySet. Define DashboardView.model, DashboardView.queryset, or override DashboardView.get_queryset().
"GET /remedial/dashboard/ HTTP/1.1" 500 87456
/home/marty/remedial-system/apps/remedial/views.py changed, reloading.
Watching for file changes with StatReloader
/home/marty/remedial-system/apps/remedial/views.py changed, reloading.
Watching for file changes with StatReloader
/home/marty/remedial-system/apps/remedial/views.py changed, reloading.
Watching for file changes with StatReloader
Watching for file changes with StatReloader
"GET /remedial/dashboard/ HTTP/1.1" 200 16738
"GET /remedial/accounts/ HTTP/1.1" 200 9901
"GET /remedial/compromises/ HTTP/1.1" 200 9916
"GET /remedial/legal-cases/ HTTP/1.1" 200 9899
"GET /remedial/recovery-actions/ HTTP/1.1" 200 9913
"GET /remedial/accounts/ HTTP/1.1" 200 9901
"GET /remedial/dashboard/ HTTP/1.1" 200 16738
"GET /remedial/dashboard/ HTTP/1.1" 200 16738
/home/marty/remedial-system/apps/remedial/views.py changed, reloading.
Watching for file changes with StatReloader
/home/marty/remedial-system/apps/remedial/views.py changed, reloading.
Watching for file changes with StatReloader
/home/marty/remedial-system/apps/remedial/urls.py changed, reloading.
Watching for file changes with StatReloader
/home/marty/remedial-system/apps/remedial/views.py changed, reloading.
Watching for file changes with StatReloader
/home/marty/remedial-system/apps/remedial/views.py changed, reloading.
Watching for file changes with StatReloader
Internal Server Error: /remedial/accounts/
Traceback (most recent call last):
  File "/home/marty/remedial-system/.venv/lib/python3.10/site-packages/django/core/handlers/exception.py", line 55, in inner
    response = get_response(request)
  File "/home/marty/remedial-system/.venv/lib/python3.10/site-packages/django/core/handlers/base.py", line 220, in _get_response
    response = response.render()
  File "/home/marty/remedial-system/.venv/lib/python3.10/site-packages/django/template/response.py", line 114, in render
    self.content = self.rendered_content
  File "/home/marty/remedial-system/.venv/lib/python3.10/site-packages/django/template/response.py", line 92, in rendered_content
    return template.render(context, self._request)
  File "/home/marty/remedial-system/.venv/lib/python3.10/site-packages/django/template/backends/django.py", line 107, in render
    return self.template.render(context)
  File "/home/marty/remedial-system/.venv/lib/python3.10/site-packages/django/template/base.py", line 172, in render
    return self._render(context)
  File "/home/marty/remedial-system/.venv/lib/python3.10/site-packages/django/template/base.py", line 164, in _render
    return self.nodelist.render(context)
  File "/home/marty/remedial-system/.venv/lib/python3.10/site-packages/django/template/base.py", line 1018, in render
    return SafeString("".join([node.render_annotated(context) for node in self]))
  File "/home/marty/remedial-system/.venv/lib/python3.10/site-packages/django/template/base.py", line 1018, in <listcomp>
    return SafeString("".join([node.render_annotated(context) for node in self]))
  File "/home/marty/remedial-system/.venv/lib/python3.10/site-packages/django/template/base.py", line 979, in render_annotated
    return self.render(context)
  File "/home/marty/remedial-system/.venv/lib/python3.10/site-packages/django/template/loader_tags.py", line 159, in render
    return compiled_parent._render(context)
  File "/home/marty/remedial-system/.venv/lib/python3.10/site-packages/django/template/base.py", line 164, in _render
    return self.nodelist.render(context)
  File "/home/marty/remedial-system/.venv/lib/python3.10/site-packages/django/template/base.py", line 1018, in render
    return SafeString("".join([node.render_annotated(context) for node in self]))
  File "/home/marty/remedial-system/.venv/lib/python3.10/site-packages/django/template/base.py", line 1018, in <listcomp>
    return SafeString("".join([node.render_annotated(context) for node in self]))
  File "/home/marty/remedial-system/.venv/lib/python3.10/site-packages/django/template/base.py", line 979, in render_annotated
    return self.render(context)
  File "/home/marty/remedial-system/.venv/lib/python3.10/site-packages/django/template/loader_tags.py", line 65, in render
    result = block.nodelist.render(context)
  File "/home/marty/remedial-system/.venv/lib/python3.10/site-packages/django/template/base.py", line 1018, in render
    return SafeString("".join([node.render_annotated(context) for node in self]))
  File "/home/marty/remedial-system/.venv/lib/python3.10/site-packages/django/template/base.py", line 1018, in <listcomp>
    return SafeString("".join([node.render_annotated(context) for node in self]))
  File "/home/marty/remedial-system/.venv/lib/python3.10/site-packages/django/template/base.py", line 979, in render_annotated
    return self.render(context)
  File "/home/marty/remedial-system/.venv/lib/python3.10/site-packages/django/template/defaulttags.py", line 243, in render
    nodelist.append(node.render_annotated(context))
  File "/home/marty/remedial-system/.venv/lib/python3.10/site-packages/django/template/base.py", line 979, in render_annotated
    return self.render(context)
  File "/home/marty/remedial-system/.venv/lib/python3.10/site-packages/django/template/defaulttags.py", line 480, in render
    url = reverse(view_name, args=args, kwargs=kwargs, current_app=current_app)
  File "/home/marty/remedial-system/.venv/lib/python3.10/site-packages/django/urls/base.py", line 98, in reverse
    resolved_url = resolver._reverse_with_prefix(view, prefix, *args, **kwargs)
  File "/home/marty/remedial-system/.venv/lib/python3.10/site-packages/django/urls/resolvers.py", line 831, in _reverse_with_prefix
    raise NoReverseMatch(msg)
django.urls.exceptions.NoReverseMatch: Reverse for 'account-detail' with arguments '(UUID('a7403330-642c-4b9f-b8b4-d79a9cedd6c4'),)' not found. 1 pattern(s) tried: ['remedial/accounts/(?P<pk>[0-9]+)/\\Z']
/home/marty/remedial-system/apps/remedial/urls.py changed, reloading.
Watching for file changes with StatReloader
"GET /remedial/dashboard/ HTTP/1.1" 200 16738
"GET /remedial/accounts/ HTTP/1.1" 200 13480
"GET /remedial/accounts/53b66165-b007-4564-8d27-26375c41b280/ HTTP/1.1" 200 12871
"GET /remedial/accounts/53b66165-b007-4564-8d27-26375c41b280/edit/ HTTP/1.1" 200 14661
"POST /remedial/accounts/53b66165-b007-4564-8d27-26375c41b280/edit/ HTTP/1.1" 302 0
"GET /remedial/accounts/ HTTP/1.1" 200 13481
"GET /remedial/accounts/53b66165-b007-4564-8d27-26375c41b280/ HTTP/1.1" 200 12872
"GET /remedial/dashboard/ HTTP/1.1" 200 16738
"GET /remedial/accounts/ HTTP/1.1" 200 13481
"GET /remedial/compromises/ HTTP/1.1" 200 9916
"GET /remedial/recovery-actions/ HTTP/1.1" 200 9913
"GET /remedial/accounts/ HTTP/1.1" 200 13481
"GET /remedial/accounts/a7403330-642c-4b9f-b8b4-d79a9cedd6c4/ HTTP/1.1" 200 12826
"GET /remedial/accounts/a7403330-642c-4b9f-b8b4-d79a9cedd6c4/edit/ HTTP/1.1" 200 14614
"POST /remedial/accounts/a7403330-642c-4b9f-b8b4-d79a9cedd6c4/edit/ HTTP/1.1" 302 0
"GET /remedial/accounts/ HTTP/1.1" 200 13481
"GET /remedial/dashboard/ HTTP/1.1" 200 16738
Watching for file changes with StatReloader
Watching for file changes with StatReloader
Watching for file changes with StatReloader
"GET /remedial/ HTTP/1.1" 200 10425
"POST /remedial/ HTTP/1.1" 302 0
"GET /remedial/dashboard/ HTTP/1.1" 200 16738
"GET /remedial/accounts/ HTTP/1.1" 200 13481
"GET /remedial/accounts/53b66165-b007-4564-8d27-26375c41b280/ HTTP/1.1" 200 12872
"GET /remedial/accounts/ HTTP/1.1" 200 13481
"GET /remedial/dashboard/ HTTP/1.1" 200 16738
"GET /remedial/compromises/ HTTP/1.1" 200 9916
"GET /remedial/legal-cases/ HTTP/1.1" 200 9899
/home/marty/remedial-system/apps/remedial/views.py changed, reloading.
/home/marty/remedial-system/apps/remedial/views.py changed, reloading.
Watching for file changes with StatReloader
Watching for file changes with StatReloader
/home/marty/remedial-system/apps/remedial/views.py changed, reloading.
/home/marty/remedial-system/apps/remedial/views.py changed, reloading.
Watching for file changes with StatReloader
Watching for file changes with StatReloader
/home/marty/remedial-system/apps/remedial/views.py changed, reloading.
/home/marty/remedial-system/apps/remedial/views.py changed, reloading.
Watching for file changes with StatReloader
Watching for file changes with StatReloader
/home/marty/remedial-system/apps/remedial/views.py changed, reloading.
/home/marty/remedial-system/apps/remedial/views.py changed, reloading.
Watching for file changes with StatReloader
Watching for file changes with StatReloader
/home/marty/remedial-system/apps/remedial/urls.py changed, reloading.
/home/marty/remedial-system/apps/remedial/urls.py changed, reloading.
Watching for file changes with StatReloader
Watching for file changes with StatReloader
/home/marty/remedial-system/apps/remedial/views.py changed, reloading.
/home/marty/remedial-system/apps/remedial/views.py changed, reloading.
Watching for file changes with StatReloader
Watching for file changes with StatReloader
/home/marty/remedial-system/apps/remedial/views.py changed, reloading.
Watching for file changes with StatReloader
/home/marty/remedial-system/apps/remedial/views.py changed, reloading.
Watching for file changes with StatReloader
/home/marty/remedial-system/apps/remedial/views.py changed, reloading.
/home/marty/remedial-system/apps/remedial/views.py changed, reloading.
Watching for file changes with StatReloader
Watching for file changes with StatReloader
Internal Server Error: /remedial/legal-cases/
Traceback (most recent call last):
  File "/home/marty/remedial-system/.venv/lib/python3.10/site-packages/django/core/handlers/exception.py", line 55, in inner
    response = get_response(request)
  File "/home/marty/remedial-system/.venv/lib/python3.10/site-packages/django/core/handlers/base.py", line 220, in _get_response
    response = response.render()
  File "/home/marty/remedial-system/.venv/lib/python3.10/site-packages/django/template/response.py", line 114, in render
    self.content = self.rendered_content
  File "/home/marty/remedial-system/.venv/lib/python3.10/site-packages/django/template/response.py", line 92, in rendered_content
    return template.render(context, self._request)
  File "/home/marty/remedial-system/.venv/lib/python3.10/site-packages/django/template/backends/django.py", line 107, in render
    return self.template.render(context)
  File "/home/marty/remedial-system/.venv/lib/python3.10/site-packages/django/template/base.py", line 172, in render
    return self._render(context)
  File "/home/marty/remedial-system/.venv/lib/python3.10/site-packages/django/template/base.py", line 164, in _render
    return self.nodelist.render(context)
  File "/home/marty/remedial-system/.venv/lib/python3.10/site-packages/django/template/base.py", line 1018, in render
    return SafeString("".join([node.render_annotated(context) for node in self]))
  File "/home/marty/remedial-system/.venv/lib/python3.10/site-packages/django/template/base.py", line 1018, in <listcomp>
    return SafeString("".join([node.render_annotated(context) for node in self]))
  File "/home/marty/remedial-system/.venv/lib/python3.10/site-packages/django/template/base.py", line 979, in render_annotated
    return self.render(context)
  File "/home/marty/remedial-system/.venv/lib/python3.10/site-packages/django/template/loader_tags.py", line 159, in render
    return compiled_parent._render(context)
  File "/home/marty/remedial-system/.venv/lib/python3.10/site-packages/django/template/base.py", line 164, in _render
    return self.nodelist.render(context)
  File "/home/marty/remedial-system/.venv/lib/python3.10/site-packages/django/template/base.py", line 1018, in render
    return SafeString("".join([node.render_annotated(context) for node in self]))
  File "/home/marty/remedial-system/.venv/lib/python3.10/site-packages/django/template/base.py", line 1018, in <listcomp>
    return SafeString("".join([node.render_annotated(context) for node in self]))
  File "/home/marty/remedial-system/.venv/lib/python3.10/site-packages/django/template/base.py", line 979, in render_annotated
    return self.render(context)
  File "/home/marty/remedial-system/.venv/lib/python3.10/site-packages/django/template/loader_tags.py", line 65, in render
    result = block.nodelist.render(context)
  File "/home/marty/remedial-system/.venv/lib/python3.10/site-packages/django/template/base.py", line 1018, in render
    return SafeString("".join([node.render_annotated(context) for node in self]))
  File "/home/marty/remedial-system/.venv/lib/python3.10/site-packages/django/template/base.py", line 1018, in <listcomp>
    return SafeString("".join([node.render_annotated(context) for node in self]))
  File "/home/marty/remedial-system/.venv/lib/python3.10/site-packages/django/template/base.py", line 979, in render_annotated
    return self.render(context)
  File "/home/marty/remedial-system/.venv/lib/python3.10/site-packages/django/template/defaulttags.py", line 243, in render
    nodelist.append(node.render_annotated(context))
  File "/home/marty/remedial-system/.venv/lib/python3.10/site-packages/django/template/base.py", line 979, in render_annotated
    return self.render(context)
  File "/home/marty/remedial-system/.venv/lib/python3.10/site-packages/django/template/defaulttags.py", line 480, in render
    url = reverse(view_name, args=args, kwargs=kwargs, current_app=current_app)
  File "/home/marty/remedial-system/.venv/lib/python3.10/site-packages/django/urls/base.py", line 98, in reverse
    resolved_url = resolver._reverse_with_prefix(view, prefix, *args, **kwargs)
  File "/home/marty/remedial-system/.venv/lib/python3.10/site-packages/django/urls/resolvers.py", line 831, in _reverse_with_prefix
    raise NoReverseMatch(msg)
django.urls.exceptions.NoReverseMatch: Reverse for 'legalcase-detail' with arguments '(1,)' not found. 1 pattern(s) tried: ['remedial/legal\\-cases/(?P<pk>[0-9a-f]{8}-[0-9a-f]{4}-[0-9a-f]{4}-[0-9a-f]{4}-[0-9a-f]{12})/\\Z']
/home/marty/remedial-system/apps/remedial/urls.py changed, reloading.
/home/marty/remedial-system/apps/remedial/urls.py changed, reloading.
Watching for file changes with StatReloader
Watching for file changes with StatReloader
"GET /remedial/dashboard/ HTTP/1.1" 200 16738
"GET /remedial/accounts/ HTTP/1.1" 200 14822
"GET /remedial/accounts/d5ebe1ee-8dab-4017-8499-b1cb885ef3d4/ HTTP/1.1" 200 12857
"GET /remedial/dashboard/ HTTP/1.1" 200 16738
Internal Server Error: /remedial/compromises/
Traceback (most recent call last):
  File "/home/marty/remedial-system/.venv/lib/python3.10/site-packages/django/core/handlers/exception.py", line 55, in inner
    response = get_response(request)
  File "/home/marty/remedial-system/.venv/lib/python3.10/site-packages/django/core/handlers/base.py", line 220, in _get_response
    response = response.render()
  File "/home/marty/remedial-system/.venv/lib/python3.10/site-packages/django/template/response.py", line 114, in render
    self.content = self.rendered_content
  File "/home/marty/remedial-system/.venv/lib/python3.10/site-packages/django/template/response.py", line 92, in rendered_content
    return template.render(context, self._request)
  File "/home/marty/remedial-system/.venv/lib/python3.10/site-packages/django/template/backends/django.py", line 107, in render
    return self.template.render(context)
  File "/home/marty/remedial-system/.venv/lib/python3.10/site-packages/django/template/base.py", line 172, in render
    return self._render(context)
  File "/home/marty/remedial-system/.venv/lib/python3.10/site-packages/django/template/base.py", line 164, in _render
    return self.nodelist.render(context)
  File "/home/marty/remedial-system/.venv/lib/python3.10/site-packages/django/template/base.py", line 1018, in render
    return SafeString("".join([node.render_annotated(context) for node in self]))
  File "/home/marty/remedial-system/.venv/lib/python3.10/site-packages/django/template/base.py", line 1018, in <listcomp>
    return SafeString("".join([node.render_annotated(context) for node in self]))
  File "/home/marty/remedial-system/.venv/lib/python3.10/site-packages/django/template/base.py", line 979, in render_annotated
    return self.render(context)
  File "/home/marty/remedial-system/.venv/lib/python3.10/site-packages/django/template/loader_tags.py", line 159, in render
    return compiled_parent._render(context)
  File "/home/marty/remedial-system/.venv/lib/python3.10/site-packages/django/template/base.py", line 164, in _render
    return self.nodelist.render(context)
  File "/home/marty/remedial-system/.venv/lib/python3.10/site-packages/django/template/base.py", line 1018, in render
    return SafeString("".join([node.render_annotated(context) for node in self]))
  File "/home/marty/remedial-system/.venv/lib/python3.10/site-packages/django/template/base.py", line 1018, in <listcomp>
    return SafeString("".join([node.render_annotated(context) for node in self]))
  File "/home/marty/remedial-system/.venv/lib/python3.10/site-packages/django/template/base.py", line 979, in render_annotated
    return self.render(context)
  File "/home/marty/remedial-system/.venv/lib/python3.10/site-packages/django/template/loader_tags.py", line 65, in render
    result = block.nodelist.render(context)
  File "/home/marty/remedial-system/.venv/lib/python3.10/site-packages/django/template/base.py", line 1018, in render
    return SafeString("".join([node.render_annotated(context) for node in self]))
  File "/home/marty/remedial-system/.venv/lib/python3.10/site-packages/django/template/base.py", line 1018, in <listcomp>
    return SafeString("".join([node.render_annotated(context) for node in self]))
  File "/home/marty/remedial-system/.venv/lib/python3.10/site-packages/django/template/base.py", line 979, in render_annotated
    return self.render(context)
  File "/home/marty/remedial-system/.venv/lib/python3.10/site-packages/django/template/defaulttags.py", line 243, in render
    nodelist.append(node.render_annotated(context))
  File "/home/marty/remedial-system/.venv/lib/python3.10/site-packages/django/template/base.py", line 979, in render_annotated
    return self.render(context)
  File "/home/marty/remedial-system/.venv/lib/python3.10/site-packages/django/template/defaulttags.py", line 480, in render
    url = reverse(view_name, args=args, kwargs=kwargs, current_app=current_app)
  File "/home/marty/remedial-system/.venv/lib/python3.10/site-packages/django/urls/base.py", line 98, in reverse
    resolved_url = resolver._reverse_with_prefix(view, prefix, *args, **kwargs)
  File "/home/marty/remedial-system/.venv/lib/python3.10/site-packages/django/urls/resolvers.py", line 831, in _reverse_with_prefix
    raise NoReverseMatch(msg)
django.urls.exceptions.NoReverseMatch: Reverse for 'compromise-detail' with arguments '(1,)' not found. 1 pattern(s) tried: ['remedial/compromises/(?P<pk>[0-9a-f]{8}-[0-9a-f]{4}-[0-9a-f]{4}-[0-9a-f]{4}-[0-9a-f]{12})/\\Z']
"GET /remedial/compromises/ HTTP/1.1" 500 180514
/home/marty/remedial-system/apps/remedial/urls.py changed, reloading.
/home/marty/remedial-system/apps/remedial/urls.py changed, reloading.
Watching for file changes with StatReloader
Watching for file changes with StatReloader
/home/marty/remedial-system/apps/remedial/urls.py changed, reloading.
/home/marty/remedial-system/apps/remedial/urls.py changed, reloading.
Watching for file changes with StatReloader
Watching for file changes with StatReloader
Internal Server Error: /remedial/accounts/
Traceback (most recent call last):
  File "/home/marty/remedial-system/.venv/lib/python3.10/site-packages/django/core/handlers/exception.py", line 55, in inner
    response = get_response(request)
  File "/home/marty/remedial-system/.venv/lib/python3.10/site-packages/django/core/handlers/base.py", line 220, in _get_response
    response = response.render()
  File "/home/marty/remedial-system/.venv/lib/python3.10/site-packages/django/template/response.py", line 114, in render
    self.content = self.rendered_content
  File "/home/marty/remedial-system/.venv/lib/python3.10/site-packages/django/template/response.py", line 92, in rendered_content
    return template.render(context, self._request)
  File "/home/marty/remedial-system/.venv/lib/python3.10/site-packages/django/template/backends/django.py", line 107, in render
    return self.template.render(context)
  File "/home/marty/remedial-system/.venv/lib/python3.10/site-packages/django/template/base.py", line 172, in render
    return self._render(context)
  File "/home/marty/remedial-system/.venv/lib/python3.10/site-packages/django/template/base.py", line 164, in _render
    return self.nodelist.render(context)
  File "/home/marty/remedial-system/.venv/lib/python3.10/site-packages/django/template/base.py", line 1018, in render
    return SafeString("".join([node.render_annotated(context) for node in self]))
  File "/home/marty/remedial-system/.venv/lib/python3.10/site-packages/django/template/base.py", line 1018, in <listcomp>
    return SafeString("".join([node.render_annotated(context) for node in self]))
  File "/home/marty/remedial-system/.venv/lib/python3.10/site-packages/django/template/base.py", line 979, in render_annotated
    return self.render(context)
  File "/home/marty/remedial-system/.venv/lib/python3.10/site-packages/django/template/loader_tags.py", line 159, in render
    return compiled_parent._render(context)
  File "/home/marty/remedial-system/.venv/lib/python3.10/site-packages/django/template/base.py", line 164, in _render
    return self.nodelist.render(context)
  File "/home/marty/remedial-system/.venv/lib/python3.10/site-packages/django/template/base.py", line 1018, in render
    return SafeString("".join([node.render_annotated(context) for node in self]))
  File "/home/marty/remedial-system/.venv/lib/python3.10/site-packages/django/template/base.py", line 1018, in <listcomp>
    return SafeString("".join([node.render_annotated(context) for node in self]))
  File "/home/marty/remedial-system/.venv/lib/python3.10/site-packages/django/template/base.py", line 979, in render_annotated
    return self.render(context)
  File "/home/marty/remedial-system/.venv/lib/python3.10/site-packages/django/template/loader_tags.py", line 65, in render
    result = block.nodelist.render(context)
  File "/home/marty/remedial-system/.venv/lib/python3.10/site-packages/django/template/base.py", line 1018, in render
    return SafeString("".join([node.render_annotated(context) for node in self]))
  File "/home/marty/remedial-system/.venv/lib/python3.10/site-packages/django/template/base.py", line 1018, in <listcomp>
    return SafeString("".join([node.render_annotated(context) for node in self]))
  File "/home/marty/remedial-system/.venv/lib/python3.10/site-packages/django/template/base.py", line 979, in render_annotated
    return self.render(context)
  File "/home/marty/remedial-system/.venv/lib/python3.10/site-packages/django/template/defaulttags.py", line 243, in render
    nodelist.append(node.render_annotated(context))
  File "/home/marty/remedial-system/.venv/lib/python3.10/site-packages/django/template/base.py", line 979, in render_annotated
    return self.render(context)
  File "/home/marty/remedial-system/.venv/lib/python3.10/site-packages/django/template/defaulttags.py", line 480, in render
    url = reverse(view_name, args=args, kwargs=kwargs, current_app=current_app)
  File "/home/marty/remedial-system/.venv/lib/python3.10/site-packages/django/urls/base.py", line 98, in reverse
    resolved_url = resolver._reverse_with_prefix(view, prefix, *args, **kwargs)
  File "/home/marty/remedial-system/.venv/lib/python3.10/site-packages/django/urls/resolvers.py", line 831, in _reverse_with_prefix
    raise NoReverseMatch(msg)
django.urls.exceptions.NoReverseMatch: Reverse for 'account-detail' with arguments '(UUID('d5ebe1ee-8dab-4017-8499-b1cb885ef3d4'),)' not found. 1 pattern(s) tried: ['remedial/accounts/(?P<pk>[0-9]+)/\\Z']
/home/marty/remedial-system/apps/remedial/urls.py changed, reloading.
/home/marty/remedial-system/apps/remedial/urls.py changed, reloading.
Watching for file changes with StatReloader
Watching for file changes with StatReloader
"GET /remedial/compromises/ HTTP/1.1" 200 11902
"GET /remedial/dashboard/ HTTP/1.1" 200 16738
"GET /remedial/legal-cases/ HTTP/1.1" 200 9899
"GET /remedial/recovery-actions/ HTTP/1.1" 200 9913
"GET /remedial/compromises/ HTTP/1.1" 200 11902
"GET /remedial/compromises/1/ HTTP/1.1" 200 13054
"GET /remedial/compromises/1/edit/ HTTP/1.1" 200 14387
"GET /remedial/compromises/ HTTP/1.1" 200 11902
"GET /remedial/compromises/1/ HTTP/1.1" 200 13054
"GET /remedial/compromises/ HTTP/1.1" 200 11902
"GET /remedial/dashboard/ HTTP/1.1" 200 16738
"GET /remedial/legal-cases/ HTTP/1.1" 200 9899
"GET /remedial/dashboard/ HTTP/1.1" 200 16738
Internal Server Error: /remedial/dashboard/
Traceback (most recent call last):
  File "/home/marty/remedial-system/.venv/lib/python3.10/site-packages/django/core/handlers/exception.py", line 55, in inner
    response = get_response(request)
  File "/home/marty/remedial-system/.venv/lib/python3.10/site-packages/django/core/handlers/base.py", line 220, in _get_response
    response = response.render()
  File "/home/marty/remedial-system/.venv/lib/python3.10/site-packages/django/template/response.py", line 114, in render
    self.content = self.rendered_content
  File "/home/marty/remedial-system/.venv/lib/python3.10/site-packages/django/template/response.py", line 92, in rendered_content
    return template.render(context, self._request)
  File "/home/marty/remedial-system/.venv/lib/python3.10/site-packages/django/template/backends/django.py", line 107, in render
    return self.template.render(context)
  File "/home/marty/remedial-system/.venv/lib/python3.10/site-packages/django/template/base.py", line 172, in render
    return self._render(context)
  File "/home/marty/remedial-system/.venv/lib/python3.10/site-packages/django/template/base.py", line 164, in _render
    return self.nodelist.render(context)
  File "/home/marty/remedial-system/.venv/lib/python3.10/site-packages/django/template/base.py", line 1018, in render
    return SafeString("".join([node.render_annotated(context) for node in self]))
  File "/home/marty/remedial-system/.venv/lib/python3.10/site-packages/django/template/base.py", line 1018, in <listcomp>
    return SafeString("".join([node.render_annotated(context) for node in self]))
  File "/home/marty/remedial-system/.venv/lib/python3.10/site-packages/django/template/base.py", line 979, in render_annotated
    return self.render(context)
  File "/home/marty/remedial-system/.venv/lib/python3.10/site-packages/django/template/loader_tags.py", line 159, in render
    return compiled_parent._render(context)
  File "/home/marty/remedial-system/.venv/lib/python3.10/site-packages/django/template/base.py", line 164, in _render
    return self.nodelist.render(context)
  File "/home/marty/remedial-system/.venv/lib/python3.10/site-packages/django/template/base.py", line 1018, in render
    return SafeString("".join([node.render_annotated(context) for node in self]))
  File "/home/marty/remedial-system/.venv/lib/python3.10/site-packages/django/template/base.py", line 1018, in <listcomp>
    return SafeString("".join([node.render_annotated(context) for node in self]))
  File "/home/marty/remedial-system/.venv/lib/python3.10/site-packages/django/template/base.py", line 979, in render_annotated
    return self.render(context)
  File "/home/marty/remedial-system/.venv/lib/python3.10/site-packages/django/template/loader_tags.py", line 210, in render
    return template.render(context)
  File "/home/marty/remedial-system/.venv/lib/python3.10/site-packages/django/template/base.py", line 174, in render
    return self._render(context)
  File "/home/marty/remedial-system/.venv/lib/python3.10/site-packages/django/template/base.py", line 164, in _render
    return self.nodelist.render(context)
  File "/home/marty/remedial-system/.venv/lib/python3.10/site-packages/django/template/base.py", line 1018, in render
    return SafeString("".join([node.render_annotated(context) for node in self]))
  File "/home/marty/remedial-system/.venv/lib/python3.10/site-packages/django/template/base.py", line 1018, in <listcomp>
    return SafeString("".join([node.render_annotated(context) for node in self]))
  File "/home/marty/remedial-system/.venv/lib/python3.10/site-packages/django/template/base.py", line 979, in render_annotated
    return self.render(context)
  File "/home/marty/remedial-system/.venv/lib/python3.10/site-packages/django/template/defaulttags.py", line 480, in render
    url = reverse(view_name, args=args, kwargs=kwargs, current_app=current_app)
  File "/home/marty/remedial-system/.venv/lib/python3.10/site-packages/django/urls/base.py", line 98, in reverse
    resolved_url = resolver._reverse_with_prefix(view, prefix, *args, **kwargs)
  File "/home/marty/remedial-system/.venv/lib/python3.10/site-packages/django/urls/resolvers.py", line 831, in _reverse_with_prefix
    raise NoReverseMatch(msg)
django.urls.exceptions.NoReverseMatch: Reverse for 'legalcase-create' not found. 'legalcase-create' is not a valid view function or pattern name.
"GET /remedial/dashboard/ HTTP/1.1" 200 17575
Watching for file changes with StatReloader
"GET /remedial/ HTTP/1.1" 200 11256
"POST /remedial/ HTTP/1.1" 302 0
"GET /remedial/dashboard/ HTTP/1.1" 200 17575
"GET /remedial/dashboard/ HTTP/1.1" 200 17521
Watching for file changes with StatReloader
"GET /remedial/dashboard/ HTTP/1.1" 200 17521
"GET /remedial/ HTTP/1.1" 200 11202
"POST /remedial/ HTTP/1.1" 302 0
"GET /remedial/dashboard/ HTTP/1.1" 200 17521
"GET /remedial/dashboard/ HTTP/1.1" 200 17521
"GET /remedial/dashboard/ HTTP/1.1" 200 17521
"GET /remedial/dashboard/ HTTP/1.1" 200 17521
"GET /remedial/recovery-actions/ HTTP/1.1" 200 10690
/home/marty/remedial-system/apps/remedial/urls.py changed, reloading.
Watching for file changes with StatReloader
/home/marty/remedial-system/apps/remedial/urls.py changed, reloading.
Watching for file changes with StatReloader
/home/marty/remedial-system/apps/remedial/views.py changed, reloading.
Watching for file changes with StatReloader
/home/marty/remedial-system/apps/remedial/views.py changed, reloading.
Watching for file changes with StatReloader
/home/marty/remedial-system/apps/remedial/urls.py changed, reloading.
Watching for file changes with StatReloader
/home/marty/remedial-system/apps/remedial/urls.py changed, reloading.
Watching for file changes with StatReloader
"GET /remedial/dashboard/ HTTP/1.1" 200 17729
/home/marty/remedial-system/apps/remedial/views.py changed, reloading.
Watching for file changes with StatReloader
/home/marty/remedial-system/apps/remedial/views.py changed, reloading.
Watching for file changes with StatReloader
/home/marty/remedial-system/apps/remedial/views.py changed, reloading.
/home/marty/remedial-system/apps/remedial/views.py changed, reloading.
Watching for file changes with StatReloader
Watching for file changes with StatReloader
/home/marty/remedial-system/apps/remedial/views.py changed, reloading.
/home/marty/remedial-system/apps/remedial/views.py changed, reloading.
Watching for file changes with StatReloader
Watching for file changes with StatReloader
/home/marty/remedial-system/apps/remedial/urls.py changed, reloading.
/home/marty/remedial-system/apps/remedial/urls.py changed, reloading.
Watching for file changes with StatReloader
Watching for file changes with StatReloader
/home/marty/remedial-system/apps/remedial/views.py changed, reloading.
/home/marty/remedial-system/apps/remedial/views.py changed, reloading.
Watching for file changes with StatReloader
Watching for file changes with StatReloader
/home/marty/remedial-system/apps/remedial/urls.py changed, reloading.
/home/marty/remedial-system/apps/remedial/urls.py changed, reloading.
Watching for file changes with StatReloader
Watching for file changes with StatReloader
Not Found: /
"GET / HTTP/1.1" 404 2471
"GET /remedial/ HTTP/1.1" 200 11402
"POST /remedial/ HTTP/1.1" 302 0
"HEAD /remedial/dashboard/ HTTP/1.1" 302 0
"HEAD /remedial/legal-cases/ HTTP/1.1" 200 0
"HEAD /remedial/accounts/ HTTP/1.1" 200 0
"HEAD /remedial/compromises/ HTTP/1.1" 200 0
"HEAD /remedial/hearings/ HTTP/1.1" 200 0
"HEAD /remedial/recovery-actions/ HTTP/1.1" 200 0
"HEAD /remedial/write-offs/ HTTP/1.1" 200 0
Watching for file changes with StatReloader
Watching for file changes with StatReloader
"GET /remedial/dashboard/ HTTP/1.1" 200 17729
"GET /remedial/dashboard/ HTTP/1.1" 200 17729
Not Found: /
"GET / HTTP/1.1" 404 2474
Not Found: /accounts
"GET /accounts HTTP/1.1" 404 2516
Not Found: /accounts
"GET /accounts HTTP/1.1" 404 2516
"GET /remedial/ HTTP/1.1" 200 11410
"POST /remedial/ HTTP/1.1" 302 0
"GET /remedial/dashboard/ HTTP/1.1" 200 17729
"GET /remedial/dashboard/ HTTP/1.1" 200 17729
"GET /remedial/accounts/ HTTP/1.1" 200 15807
"GET /remedial/dashboard/ HTTP/1.1" 200 17729
"GET /remedial/compromises/ HTTP/1.1" 200 12887
"GET /remedial/dashboard/ HTTP/1.1" 200 17729
"GET /remedial/legal-cases/ HTTP/1.1" 200 12819
"GET /remedial/legal-cases/1/ HTTP/1.1" 200 14140
"GET /remedial/legal-cases/ HTTP/1.1" 200 12819
"GET /remedial/dashboard/ HTTP/1.1" 200 17729
"GET /remedial/recovery-actions/ HTTP/1.1" 200 11309
"GET /remedial/recovery-actions/create/ HTTP/1.1" 200 12730
"GET /remedial/dashboard/ HTTP/1.1" 200 17729
"GET /remedial/compromises/ HTTP/1.1" 200 12887
"GET /remedial/dashboard/ HTTP/1.1" 200 17729
"GET /remedial/dashboard/ HTTP/1.1" 200 17729
"GET /remedial/accounts/ HTTP/1.1" 200 15807
"GET /remedial/accounts/53b66165-b007-4564-8d27-26375c41b280/ HTTP/1.1" 200 13857
"GET /remedial/dashboard/ HTTP/1.1" 200 17729
"GET /remedial/compromises/ HTTP/1.1" 200 12887
"GET /remedial/compromises/create/ HTTP/1.1" 200 15252
"GET /remedial/dashboard/ HTTP/1.1" 200 17729
"GET /remedial/dashboard/ HTTP/1.1" 200 17729
Watching for file changes with StatReloader
Invalid HTTP_HOST header: '100.70.187.4:8000'. You may need to add '100.70.187.4' to ALLOWED_HOSTS.
Traceback (most recent call last):
  File "/home/marty/remedial-system/.venv/lib/python3.10/site-packages/django/core/handlers/exception.py", line 55, in inner
    response = get_response(request)
  File "/home/marty/remedial-system/.venv/lib/python3.10/site-packages/django/utils/deprecation.py", line 119, in __call__
    response = self.process_request(request)
  File "/home/marty/remedial-system/.venv/lib/python3.10/site-packages/django/middleware/common.py", line 48, in process_request
    host = request.get_host()
  File "/home/marty/remedial-system/.venv/lib/python3.10/site-packages/django/http/request.py", line 202, in get_host
    raise DisallowedHost(msg)
django.core.exceptions.DisallowedHost: Invalid HTTP_HOST header: '100.70.187.4:8000'. You may need to add '100.70.187.4' to ALLOWED_HOSTS.
"GET /remedial/ HTTP/1.1" 400 67638
Invalid HTTP_HOST header: '100.70.187.4:8000'. You may need to add '100.70.187.4' to ALLOWED_HOSTS.
Traceback (most recent call last):
  File "/home/marty/remedial-system/.venv/lib/python3.10/site-packages/django/core/handlers/exception.py", line 55, in inner
    response = get_response(request)
  File "/home/marty/remedial-system/.venv/lib/python3.10/site-packages/django/utils/deprecation.py", line 119, in __call__
    response = self.process_request(request)
  File "/home/marty/remedial-system/.venv/lib/python3.10/site-packages/django/middleware/common.py", line 48, in process_request
    host = request.get_host()
  File "/home/marty/remedial-system/.venv/lib/python3.10/site-packages/django/http/request.py", line 202, in get_host
    raise DisallowedHost(msg)
django.core.exceptions.DisallowedHost: Invalid HTTP_HOST header: '100.70.187.4:8000'. You may need to add '100.70.187.4' to ALLOWED_HOSTS.
"GET /favicon.ico HTTP/1.1" 400 67489
Watching for file changes with StatReloader
"GET /remedial/ HTTP/1.1" 200 5629
Not Found: /favicon.ico
"GET /favicon.ico HTTP/1.1" 404 2525
"POST /remedial/ HTTP/1.1" 302 0
"GET /remedial/dashboard/ HTTP/1.1" 200 11948
"GET /remedial/accounts/ HTTP/1.1" 200 10026
"GET /remedial/my-cases/ HTTP/1.1" 200 8685
"GET /remedial/accounts/ HTTP/1.1" 200 10026
"GET /remedial/my-cases/ HTTP/1.1" 200 8685
"GET /remedial/accounts/53b66165-b007-4564-8d27-26375c41b280/ HTTP/1.1" 200 10991
"GET /remedial/compromises/1/ HTTP/1.1" 200 8252
"GET /remedial/compromises/1/edit/ HTTP/1.1" 200 9585
"GET /remedial/compromises/ HTTP/1.1" 200 7100
"GET /remedial/dashboard/ HTTP/1.1" 200 11948
"GET /remedial/legal-cases/ HTTP/1.1" 200 7032
"GET /remedial/legal-cases/create/ HTTP/1.1" 200 8361
"GET /remedial/dashboard/ HTTP/1.1" 200 11948
"GET /remedial/accounts/ HTTP/1.1" 200 10026
"GET /remedial/accounts/d5ebe1ee-8dab-4017-8499-b1cb885ef3d4/edit/ HTTP/1.1" 200 9845
"GET /remedial/dashboard/ HTTP/1.1" 200 11948
"GET /remedial/compromises/ HTTP/1.1" 200 7100
"GET /remedial/compromises/1/ HTTP/1.1" 200 8252
Watching for file changes with StatReloader
"GET /remedial/dashboard/ HTTP/1.1" 200 11948
Not Found: /favicon.ico
"GET /favicon.ico HTTP/1.1" 404 2525
"GET /remedial/compromises/ HTTP/1.1" 200 7100
"GET /remedial/compromises/1/ HTTP/1.1" 200 8252
"GET /remedial/compromises/ HTTP/1.1" 200 7100
"GET /remedial/dashboard/ HTTP/1.1" 200 11948
Not Found: /remedial/da
"GET /remedial/da HTTP/1.1" 404 11894
Watching for file changes with StatReloader
"GET /remedial/dashboard/ HTTP/1.1" 200 11948
Not Found: /favicon.ico
"GET /favicon.ico HTTP/1.1" 404 2676
"GET /remedial/dashboard/ HTTP/1.1" 200 11948
"GET /remedial/my-cases/ HTTP/1.1" 200 8685
"GET /remedial/accounts/ HTTP/1.1" 200 10026
"GET /remedial/dashboard/ HTTP/1.1" 200 11948
"GET /remedial/compromises/ HTTP/1.1" 200 7100
"GET /remedial/compromises/1/ HTTP/1.1" 200 8252
"GET /remedial/dashboard/ HTTP/1.1" 200 11948
"GET /remedial/recovery-actions/ HTTP/1.1" 200 5522
"GET /remedial/recovery-actions/create/ HTTP/1.1" 200 6943
"POST /remedial/recovery-actions/create/ HTTP/1.1" 302 0
"GET /remedial/recovery-actions/ HTTP/1.1" 200 6981
Internal Server Error: /remedial/recovery-actions/1/
Traceback (most recent call last):
  File "/home/marty/remedial-system/.venv/lib/python3.10/site-packages/django/core/handlers/exception.py", line 55, in inner
    response = get_response(request)
  File "/home/marty/remedial-system/.venv/lib/python3.10/site-packages/django/core/handlers/base.py", line 197, in _get_response
    response = wrapped_callback(request, *callback_args, **callback_kwargs)
  File "/home/marty/remedial-system/.venv/lib/python3.10/site-packages/django/views/generic/base.py", line 105, in view
    return self.dispatch(request, *args, **kwargs)
  File "/home/marty/remedial-system/.venv/lib/python3.10/site-packages/django/views/generic/base.py", line 144, in dispatch
    return handler(request, *args, **kwargs)
  File "/home/marty/remedial-system/.venv/lib/python3.10/site-packages/django/views/generic/detail.py", line 113, in get
    context = self.get_context_data(object=self.object)
  File "/home/marty/remedial-system/apps/remedial/views.py", line 436, in get_context_data
    context['title'] = f'Recovery Action Details - {self.action_type}'
AttributeError: 'RecoveryActionDetailView' object has no attribute 'action_type'
"GET /remedial/recovery-actions/1/ HTTP/1.1" 500 78210
Watching for file changes with StatReloader
"GET /remedial/recovery-actions/1/ HTTP/1.1" 200 8177
"GET /remedial/recovery-actions/ HTTP/1.1" 200 6981
"GET /remedial/dashboard/ HTTP/1.1" 200 11948
"GET /remedial/dashboard/ HTTP/1.1" 200 11948
"GET /remedial/accounts/ HTTP/1.1" 200 10026
"GET /remedial/my-cases/ HTTP/1.1" 200 8685
"GET /remedial/dashboard/ HTTP/1.1" 200 11948
"GET /remedial/accounts/ HTTP/1.1" 200 10026
"GET /remedial/accounts/53b66165-b007-4564-8d27-26375c41b280/ HTTP/1.1" 200 11213
"GET /remedial/dashboard/ HTTP/1.1" 200 11948
"GET /remedial/compromises/ HTTP/1.1" 200 7100
"GET /remedial/compromises/1/ HTTP/1.1" 200 8252
/home/marty/remedial-system/apps/remedial/models.py changed, reloading.
Watching for file changes with StatReloader
Watching for file changes with StatReloader
Internal Server Error: /remedial/compromises/
Traceback (most recent call last):
  File "/home/marty/remedial-system/.venv/lib/python3.10/site-packages/django/db/backends/utils.py", line 105, in _execute
    return self.cursor.execute(sql, params)
  File "/home/marty/remedial-system/.venv/lib/python3.10/site-packages/django/db/backends/sqlite3/base.py", line 360, in execute
    return super().execute(query, params)
sqlite3.OperationalError: no such column: remedial_compromiseagreement.terms

The above exception was the direct cause of the following exception:

Traceback (most recent call last):
  File "/home/marty/remedial-system/.venv/lib/python3.10/site-packages/django/core/handlers/exception.py", line 55, in inner
    response = get_response(request)
  File "/home/marty/remedial-system/.venv/lib/python3.10/site-packages/django/core/handlers/base.py", line 220, in _get_response
    response = response.render()
  File "/home/marty/remedial-system/.venv/lib/python3.10/site-packages/django/template/response.py", line 114, in render
    self.content = self.rendered_content
  File "/home/marty/remedial-system/.venv/lib/python3.10/site-packages/django/template/response.py", line 92, in rendered_content
    return template.render(context, self._request)
  File "/home/marty/remedial-system/.venv/lib/python3.10/site-packages/django/template/backends/django.py", line 107, in render
    return self.template.render(context)
  File "/home/marty/remedial-system/.venv/lib/python3.10/site-packages/django/template/base.py", line 172, in render
    return self._render(context)
  File "/home/marty/remedial-system/.venv/lib/python3.10/site-packages/django/template/base.py", line 164, in _render
    return self.nodelist.render(context)
  File "/home/marty/remedial-system/.venv/lib/python3.10/site-packages/django/template/base.py", line 1018, in render
    return SafeString("".join([node.render_annotated(context) for node in self]))
  File "/home/marty/remedial-system/.venv/lib/python3.10/site-packages/django/template/base.py", line 1018, in <listcomp>
    return SafeString("".join([node.render_annotated(context) for node in self]))
  File "/home/marty/remedial-system/.venv/lib/python3.10/site-packages/django/template/base.py", line 979, in render_annotated
    return self.render(context)
  File "/home/marty/remedial-system/.venv/lib/python3.10/site-packages/django/template/loader_tags.py", line 159, in render
    return compiled_parent._render(context)
  File "/home/marty/remedial-system/.venv/lib/python3.10/site-packages/django/template/base.py", line 164, in _render
    return self.nodelist.render(context)
  File "/home/marty/remedial-system/.venv/lib/python3.10/site-packages/django/template/base.py", line 1018, in render
    return SafeString("".join([node.render_annotated(context) for node in self]))
  File "/home/marty/remedial-system/.venv/lib/python3.10/site-packages/django/template/base.py", line 1018, in <listcomp>
    return SafeString("".join([node.render_annotated(context) for node in self]))
  File "/home/marty/remedial-system/.venv/lib/python3.10/site-packages/django/template/base.py", line 979, in render_annotated
    return self.render(context)
  File "/home/marty/remedial-system/.venv/lib/python3.10/site-packages/django/template/loader_tags.py", line 65, in render
    result = block.nodelist.render(context)
  File "/home/marty/remedial-system/.venv/lib/python3.10/site-packages/django/template/base.py", line 1018, in render
    return SafeString("".join([node.render_annotated(context) for node in self]))
  File "/home/marty/remedial-system/.venv/lib/python3.10/site-packages/django/template/base.py", line 1018, in <listcomp>
    return SafeString("".join([node.render_annotated(context) for node in self]))
  File "/home/marty/remedial-system/.venv/lib/python3.10/site-packages/django/template/base.py", line 979, in render_annotated
    return self.render(context)
  File "/home/marty/remedial-system/.venv/lib/python3.10/site-packages/django/template/defaulttags.py", line 199, in render
    len_values = len(values)
  File "/home/marty/remedial-system/.venv/lib/python3.10/site-packages/django/db/models/query.py", line 368, in __len__
    self._fetch_all()
  File "/home/marty/remedial-system/.venv/lib/python3.10/site-packages/django/db/models/query.py", line 1954, in _fetch_all
    self._result_cache = list(self._iterable_class(self))
  File "/home/marty/remedial-system/.venv/lib/python3.10/site-packages/django/db/models/query.py", line 93, in __iter__
    results = compiler.execute_sql(
  File "/home/marty/remedial-system/.venv/lib/python3.10/site-packages/django/db/models/sql/compiler.py", line 1623, in execute_sql
    cursor.execute(sql, params)
  File "/home/marty/remedial-system/.venv/lib/python3.10/site-packages/django/db/backends/utils.py", line 122, in execute
    return super().execute(sql, params)
  File "/home/marty/remedial-system/.venv/lib/python3.10/site-packages/django/db/backends/utils.py", line 79, in execute
    return self._execute_with_wrappers(
  File "/home/marty/remedial-system/.venv/lib/python3.10/site-packages/django/db/backends/utils.py", line 92, in _execute_with_wrappers
    return executor(sql, params, many, context)
  File "/home/marty/remedial-system/.venv/lib/python3.10/site-packages/django/db/backends/utils.py", line 100, in _execute
    with self.db.wrap_database_errors:
  File "/home/marty/remedial-system/.venv/lib/python3.10/site-packages/django/db/utils.py", line 91, in __exit__
    raise dj_exc_value.with_traceback(traceback) from exc_value
  File "/home/marty/remedial-system/.venv/lib/python3.10/site-packages/django/db/backends/utils.py", line 105, in _execute
    return self.cursor.execute(sql, params)
  File "/home/marty/remedial-system/.venv/lib/python3.10/site-packages/django/db/backends/sqlite3/base.py", line 360, in execute
    return super().execute(query, params)
django.db.utils.OperationalError: no such column: remedial_compromiseagreement.terms
"GET /remedial/compromises/ HTTP/1.1" 500 227500
"GET /remedial/ HTTP/1.1" 200 5629
"POST /remedial/ HTTP/1.1" 302 0
"GET /remedial/dashboard/ HTTP/1.1" 200 11948
"GET /remedial/accounts/ HTTP/1.1" 200 10026
Internal Server Error: /remedial/accounts/a7403330-642c-4b9f-b8b4-d79a9cedd6c4/
Traceback (most recent call last):
  File "/home/marty/remedial-system/.venv/lib/python3.10/site-packages/django/db/backends/utils.py", line 105, in _execute
    return self.cursor.execute(sql, params)
  File "/home/marty/remedial-system/.venv/lib/python3.10/site-packages/django/db/backends/sqlite3/base.py", line 360, in execute
    return super().execute(query, params)
sqlite3.OperationalError: no such column: remedial_compromiseagreement.terms

The above exception was the direct cause of the following exception:

Traceback (most recent call last):
  File "/home/marty/remedial-system/.venv/lib/python3.10/site-packages/django/core/handlers/exception.py", line 55, in inner
    response = get_response(request)
  File "/home/marty/remedial-system/.venv/lib/python3.10/site-packages/django/core/handlers/base.py", line 197, in _get_response
    response = wrapped_callback(request, *callback_args, **callback_kwargs)
  File "/home/marty/remedial-system/.venv/lib/python3.10/site-packages/django/views/generic/base.py", line 105, in view
    return self.dispatch(request, *args, **kwargs)
  File "/home/marty/remedial-system/.venv/lib/python3.10/site-packages/django/views/generic/base.py", line 144, in dispatch
    return handler(request, *args, **kwargs)
  File "/home/marty/remedial-system/.venv/lib/python3.10/site-packages/django/views/generic/detail.py", line 112, in get
    self.object = self.get_object()
  File "/home/marty/remedial-system/.venv/lib/python3.10/site-packages/django/views/generic/detail.py", line 53, in get_object
    obj = queryset.get()
  File "/home/marty/remedial-system/.venv/lib/python3.10/site-packages/django/db/models/query.py", line 631, in get
    num = len(clone)
  File "/home/marty/remedial-system/.venv/lib/python3.10/site-packages/django/db/models/query.py", line 368, in __len__
    self._fetch_all()
  File "/home/marty/remedial-system/.venv/lib/python3.10/site-packages/django/db/models/query.py", line 1956, in _fetch_all
    self._prefetch_related_objects()
  File "/home/marty/remedial-system/.venv/lib/python3.10/site-packages/django/db/models/query.py", line 1330, in _prefetch_related_objects
    prefetch_related_objects(self._result_cache, *self._prefetch_related_lookups)
  File "/home/marty/remedial-system/.venv/lib/python3.10/site-packages/django/db/models/query.py", line 2408, in prefetch_related_objects
    obj_list, additional_lookups = prefetch_one_level(
  File "/home/marty/remedial-system/.venv/lib/python3.10/site-packages/django/db/models/query.py", line 2572, in prefetch_one_level
    ) = prefetcher.get_prefetch_querysets(
  File "/home/marty/remedial-system/.venv/lib/python3.10/site-packages/django/db/models/fields/related_descriptors.py", line 800, in get_prefetch_querysets
    for rel_obj in queryset:
  File "/home/marty/remedial-system/.venv/lib/python3.10/site-packages/django/db/models/query.py", line 386, in __iter__
    self._fetch_all()
  File "/home/marty/remedial-system/.venv/lib/python3.10/site-packages/django/db/models/query.py", line 1954, in _fetch_all
    self._result_cache = list(self._iterable_class(self))
  File "/home/marty/remedial-system/.venv/lib/python3.10/site-packages/django/db/models/query.py", line 93, in __iter__
    results = compiler.execute_sql(
  File "/home/marty/remedial-system/.venv/lib/python3.10/site-packages/django/db/models/sql/compiler.py", line 1623, in execute_sql
    cursor.execute(sql, params)
  File "/home/marty/remedial-system/.venv/lib/python3.10/site-packages/django/db/backends/utils.py", line 122, in execute
    return super().execute(sql, params)
  File "/home/marty/remedial-system/.venv/lib/python3.10/site-packages/django/db/backends/utils.py", line 79, in execute
    return self._execute_with_wrappers(
  File "/home/marty/remedial-system/.venv/lib/python3.10/site-packages/django/db/backends/utils.py", line 92, in _execute_with_wrappers
    return executor(sql, params, many, context)
  File "/home/marty/remedial-system/.venv/lib/python3.10/site-packages/django/db/backends/utils.py", line 100, in _execute
    with self.db.wrap_database_errors:
  File "/home/marty/remedial-system/.venv/lib/python3.10/site-packages/django/db/utils.py", line 91, in __exit__
    raise dj_exc_value.with_traceback(traceback) from exc_value
  File "/home/marty/remedial-system/.venv/lib/python3.10/site-packages/django/db/backends/utils.py", line 105, in _execute
    return self.cursor.execute(sql, params)
  File "/home/marty/remedial-system/.venv/lib/python3.10/site-packages/django/db/backends/sqlite3/base.py", line 360, in execute
    return super().execute(query, params)
django.db.utils.OperationalError: no such column: remedial_compromiseagreement.terms
"GET /remedial/accounts/a7403330-642c-4b9f-b8b4-d79a9cedd6c4/ HTTP/1.1" 500 185250
"GET /remedial/accounts/a7403330-642c-4b9f-b8b4-d79a9cedd6c4/ HTTP/1.1" 200 10975
"GET /remedial/accounts/a7403330-642c-4b9f-b8b4-d79a9cedd6c4/edit/ HTTP/1.1" 200 9812
"POST /remedial/accounts/a7403330-642c-4b9f-b8b4-d79a9cedd6c4/edit/ HTTP/1.1" 302 0
"GET /remedial/accounts/ HTTP/1.1" 200 10026
"GET /remedial/accounts/d5ebe1ee-8dab-4017-8499-b1cb885ef3d4/ HTTP/1.1" 200 10753
"GET /remedial/accounts/ HTTP/1.1" 200 10026
"GET /remedial/dashboard/ HTTP/1.1" 200 11948
"GET /remedial/compromises/ HTTP/1.1" 200 7100
"GET /remedial/compromises/1/ HTTP/1.1" 200 8287
"GET /remedial/compromises/ HTTP/1.1" 200 7100
"GET /remedial/dashboard/ HTTP/1.1" 200 11948
"GET /remedial/legal-cases/ HTTP/1.1" 200 7032
"GET /remedial/legal-cases/1/ HTTP/1.1" 200 8353
"GET /remedial/dashboard/ HTTP/1.1" 200 11948
"GET /remedial/recovery-actions/ HTTP/1.1" 200 6981
"GET /remedial/recovery-actions/1/ HTTP/1.1" 200 8177
"GET /remedial/recovery-actions/ HTTP/1.1" 200 6981
"GET /remedial/dashboard/ HTTP/1.1" 200 11948
"GET /remedial/compromises/ HTTP/1.1" 200 7100
"GET /remedial/compromises/1/ HTTP/1.1" 200 8287
"GET /remedial/compromises/ HTTP/1.1" 200 7100
"GET /remedial/compromises/1/ HTTP/1.1" 200 8287
"GET /remedial/compromises/1/edit/ HTTP/1.1" 200 9514
"POST /remedial/compromises/1/edit/ HTTP/1.1" 302 0
"GET /remedial/compromises/ HTTP/1.1" 200 7100
"GET /remedial/compromises/1/ HTTP/1.1" 200 8287
"GET /remedial/compromises/1/ HTTP/1.1" 200 8287
"GET /remedial/compromises/ HTTP/1.1" 200 7100
"GET /remedial/dashboard/ HTTP/1.1" 200 11948
"GET /remedial/accounts/ HTTP/1.1" 200 10026
"GET /remedial/accounts/a7403330-642c-4b9f-b8b4-d79a9cedd6c4/ HTTP/1.1" 200 10975
"GET /remedial/accounts/53b66165-b007-4564-8d27-26375c41b280/ HTTP/1.1" 200 11213
"GET /remedial/compromises/1/ HTTP/1.1" 200 8287
/home/marty/remedial-system/apps/remedial/views.py changed, reloading.
Watching for file changes with StatReloader
"GET /remedial/compromises/1/ HTTP/1.1" 200 9219
"GET /remedial/schedule-items/create/?compromise_id=1 HTTP/1.1" 200 5974
Internal Server Error: /remedial/schedule-items/create/
Traceback (most recent call last):
  File "/home/marty/remedial-system/.venv/lib/python3.10/site-packages/django/db/backends/utils.py", line 105, in _execute
    return self.cursor.execute(sql, params)
  File "/home/marty/remedial-system/.venv/lib/python3.10/site-packages/django/db/backends/sqlite3/base.py", line 360, in execute
    return super().execute(query, params)
sqlite3.IntegrityError: NOT NULL constraint failed: remedial_compromisescheduleitem.compromise_agreement_id

The above exception was the direct cause of the following exception:

Traceback (most recent call last):
  File "/home/marty/remedial-system/.venv/lib/python3.10/site-packages/django/core/handlers/exception.py", line 55, in inner
    response = get_response(request)
  File "/home/marty/remedial-system/.venv/lib/python3.10/site-packages/django/core/handlers/base.py", line 197, in _get_response
    response = wrapped_callback(request, *callback_args, **callback_kwargs)
  File "/home/marty/remedial-system/.venv/lib/python3.10/site-packages/django/views/generic/base.py", line 105, in view
    return self.dispatch(request, *args, **kwargs)
  File "/home/marty/remedial-system/.venv/lib/python3.10/site-packages/django/views/generic/base.py", line 144, in dispatch
    return handler(request, *args, **kwargs)
  File "/home/marty/remedial-system/.venv/lib/python3.10/site-packages/django/views/generic/edit.py", line 182, in post
    return super().post(request, *args, **kwargs)
  File "/home/marty/remedial-system/.venv/lib/python3.10/site-packages/django/views/generic/edit.py", line 151, in post
    return self.form_valid(form)
  File "/home/marty/remedial-system/apps/remedial/views.py", line 1565, in form_valid
    schedule_item.save()
  File "/home/marty/remedial-system/.venv/lib/python3.10/site-packages/django/db/models/base.py", line 902, in save
    self.save_base(
  File "/home/marty/remedial-system/.venv/lib/python3.10/site-packages/django/db/models/base.py", line 1008, in save_base
    updated = self._save_table(
  File "/home/marty/remedial-system/.venv/lib/python3.10/site-packages/django/db/models/base.py", line 1169, in _save_table
    results = self._do_insert(
  File "/home/marty/remedial-system/.venv/lib/python3.10/site-packages/django/db/models/base.py", line 1210, in _do_insert
    return manager._insert(
  File "/home/marty/remedial-system/.venv/lib/python3.10/site-packages/django/db/models/manager.py", line 87, in manager_method
    return getattr(self.get_queryset(), name)(*args, **kwargs)
  File "/home/marty/remedial-system/.venv/lib/python3.10/site-packages/django/db/models/query.py", line 1873, in _insert
    return query.get_compiler(using=using).execute_sql(returning_fields)
  File "/home/marty/remedial-system/.venv/lib/python3.10/site-packages/django/db/models/sql/compiler.py", line 1882, in execute_sql
    cursor.execute(sql, params)
  File "/home/marty/remedial-system/.venv/lib/python3.10/site-packages/django/db/backends/utils.py", line 122, in execute
    return super().execute(sql, params)
  File "/home/marty/remedial-system/.venv/lib/python3.10/site-packages/django/db/backends/utils.py", line 79, in execute
    return self._execute_with_wrappers(
  File "/home/marty/remedial-system/.venv/lib/python3.10/site-packages/django/db/backends/utils.py", line 92, in _execute_with_wrappers
    return executor(sql, params, many, context)
  File "/home/marty/remedial-system/.venv/lib/python3.10/site-packages/django/db/backends/utils.py", line 100, in _execute
    with self.db.wrap_database_errors:
  File "/home/marty/remedial-system/.venv/lib/python3.10/site-packages/django/db/utils.py", line 91, in __exit__
    raise dj_exc_value.with_traceback(traceback) from exc_value
  File "/home/marty/remedial-system/.venv/lib/python3.10/site-packages/django/db/backends/utils.py", line 105, in _execute
    return self.cursor.execute(sql, params)
  File "/home/marty/remedial-system/.venv/lib/python3.10/site-packages/django/db/backends/sqlite3/base.py", line 360, in execute
    return super().execute(query, params)
django.db.utils.IntegrityError: NOT NULL constraint failed: remedial_compromisescheduleitem.compromise_agreement_id
"POST /remedial/schedule-items/create/?compromise_id=1 HTTP/1.1" 500 173164
/home/marty/remedial-system/apps/remedial/views.py changed, reloading.
Watching for file changes with StatReloader
"POST /remedial/schedule-items/create/?compromise_id=1 HTTP/1.1" 302 0
Internal Server Error: /remedial/schedule-items/
Traceback (most recent call last):
  File "/home/marty/remedial-system/.venv/lib/python3.10/site-packages/django/core/handlers/exception.py", line 55, in inner
    response = get_response(request)
  File "/home/marty/remedial-system/.venv/lib/python3.10/site-packages/django/core/handlers/base.py", line 220, in _get_response
    response = response.render()
  File "/home/marty/remedial-system/.venv/lib/python3.10/site-packages/django/template/response.py", line 114, in render
    self.content = self.rendered_content
  File "/home/marty/remedial-system/.venv/lib/python3.10/site-packages/django/template/response.py", line 90, in rendered_content
    template = self.resolve_template(self.template_name)
  File "/home/marty/remedial-system/.venv/lib/python3.10/site-packages/django/template/response.py", line 72, in resolve_template
    return select_template(template, using=self.using)
  File "/home/marty/remedial-system/.venv/lib/python3.10/site-packages/django/template/loader.py", line 47, in select_template
    raise TemplateDoesNotExist(", ".join(template_name_list), chain=chain)
django.template.exceptions.TemplateDoesNotExist: remedial/scheduleitem_list.html, remedial/compromisescheduleitem_list.html
"GET /remedial/schedule-items/ HTTP/1.1" 500 80849
"GET /remedial/schedule-items/create/?compromise_id=1 HTTP/1.1" 200 5974
"POST /remedial/schedule-items/create/?compromise_id=1 HTTP/1.1" 302 0
Internal Server Error: /remedial/schedule-items/
Traceback (most recent call last):
  File "/home/marty/remedial-system/.venv/lib/python3.10/site-packages/django/core/handlers/exception.py", line 55, in inner
    response = get_response(request)
  File "/home/marty/remedial-system/.venv/lib/python3.10/site-packages/django/core/handlers/base.py", line 220, in _get_response
    response = response.render()
  File "/home/marty/remedial-system/.venv/lib/python3.10/site-packages/django/template/response.py", line 114, in render
    self.content = self.rendered_content
  File "/home/marty/remedial-system/.venv/lib/python3.10/site-packages/django/template/response.py", line 90, in rendered_content
    template = self.resolve_template(self.template_name)
  File "/home/marty/remedial-system/.venv/lib/python3.10/site-packages/django/template/response.py", line 72, in resolve_template
    return select_template(template, using=self.using)
  File "/home/marty/remedial-system/.venv/lib/python3.10/site-packages/django/template/loader.py", line 47, in select_template
    raise TemplateDoesNotExist(", ".join(template_name_list), chain=chain)
django.template.exceptions.TemplateDoesNotExist: remedial/scheduleitem_list.html, remedial/compromisescheduleitem_list.html
"GET /remedial/schedule-items/ HTTP/1.1" 500 80849
"GET /remedial/schedule-items/ HTTP/1.1" 200 8380
Internal Server Error: /remedial/schedule-items/2/
Traceback (most recent call last):
  File "/home/marty/remedial-system/.venv/lib/python3.10/site-packages/django/core/handlers/exception.py", line 55, in inner
    response = get_response(request)
  File "/home/marty/remedial-system/.venv/lib/python3.10/site-packages/django/core/handlers/base.py", line 197, in _get_response
    response = wrapped_callback(request, *callback_args, **callback_kwargs)
  File "/home/marty/remedial-system/.venv/lib/python3.10/site-packages/django/views/generic/base.py", line 105, in view
    return self.dispatch(request, *args, **kwargs)
  File "/home/marty/remedial-system/.venv/lib/python3.10/site-packages/django/views/generic/base.py", line 144, in dispatch
    return handler(request, *args, **kwargs)
  File "/home/marty/remedial-system/.venv/lib/python3.10/site-packages/django/views/generic/detail.py", line 112, in get
    self.object = self.get_object()
  File "/home/marty/remedial-system/.venv/lib/python3.10/site-packages/django/views/generic/detail.py", line 53, in get_object
    obj = queryset.get()
  File "/home/marty/remedial-system/.venv/lib/python3.10/site-packages/django/db/models/query.py", line 631, in get
    num = len(clone)
  File "/home/marty/remedial-system/.venv/lib/python3.10/site-packages/django/db/models/query.py", line 368, in __len__
    self._fetch_all()
  File "/home/marty/remedial-system/.venv/lib/python3.10/site-packages/django/db/models/query.py", line 1954, in _fetch_all
    self._result_cache = list(self._iterable_class(self))
  File "/home/marty/remedial-system/.venv/lib/python3.10/site-packages/django/db/models/query.py", line 93, in __iter__
    results = compiler.execute_sql(
  File "/home/marty/remedial-system/.venv/lib/python3.10/site-packages/django/db/models/sql/compiler.py", line 1610, in execute_sql
    sql, params = self.as_sql()
  File "/home/marty/remedial-system/.venv/lib/python3.10/site-packages/django/db/models/sql/compiler.py", line 766, in as_sql
    extra_select, order_by, group_by = self.pre_sql_setup(
  File "/home/marty/remedial-system/.venv/lib/python3.10/site-packages/django/db/models/sql/compiler.py", line 85, in pre_sql_setup
    self.setup_query(with_col_aliases=with_col_aliases)
  File "/home/marty/remedial-system/.venv/lib/python3.10/site-packages/django/db/models/sql/compiler.py", line 74, in setup_query
    self.select, self.klass_info, self.annotation_col_map = self.get_select(
  File "/home/marty/remedial-system/.venv/lib/python3.10/site-packages/django/db/models/sql/compiler.py", line 299, in get_select
    related_klass_infos = self.get_related_selections(select, select_mask)
  File "/home/marty/remedial-system/.venv/lib/python3.10/site-packages/django/db/models/sql/compiler.py", line 1396, in get_related_selections
    raise FieldError(
django.core.exceptions.FieldError: Invalid field name(s) given in select_related: 'payments'. Choices are: tenant, compromise_agreement
"GET /remedial/schedule-items/2/ HTTP/1.1" 500 145065
/home/marty/remedial-system/apps/remedial/views.py changed, reloading.
Watching for file changes with StatReloader
Internal Server Error: /remedial/schedule-items/2/
Traceback (most recent call last):
  File "/home/marty/remedial-system/.venv/lib/python3.10/site-packages/django/core/handlers/exception.py", line 55, in inner
    response = get_response(request)
  File "/home/marty/remedial-system/.venv/lib/python3.10/site-packages/django/core/handlers/base.py", line 220, in _get_response
    response = response.render()
  File "/home/marty/remedial-system/.venv/lib/python3.10/site-packages/django/template/response.py", line 114, in render
    self.content = self.rendered_content
  File "/home/marty/remedial-system/.venv/lib/python3.10/site-packages/django/template/response.py", line 90, in rendered_content
    template = self.resolve_template(self.template_name)
  File "/home/marty/remedial-system/.venv/lib/python3.10/site-packages/django/template/response.py", line 72, in resolve_template
    return select_template(template, using=self.using)
  File "/home/marty/remedial-system/.venv/lib/python3.10/site-packages/django/template/loader.py", line 47, in select_template
    raise TemplateDoesNotExist(", ".join(template_name_list), chain=chain)
django.template.exceptions.TemplateDoesNotExist: remedial/scheduleitem_detail.html
"GET /remedial/schedule-items/2/ HTTP/1.1" 500 78498
"GET /remedial/compromises/1/ HTTP/1.1" 200 12342
Internal Server Error: /remedial/schedule-items/2/
Traceback (most recent call last):
  File "/home/marty/remedial-system/.venv/lib/python3.10/site-packages/django/core/handlers/exception.py", line 55, in inner
    response = get_response(request)
  File "/home/marty/remedial-system/.venv/lib/python3.10/site-packages/django/core/handlers/base.py", line 220, in _get_response
    response = response.render()
  File "/home/marty/remedial-system/.venv/lib/python3.10/site-packages/django/template/response.py", line 114, in render
    self.content = self.rendered_content
  File "/home/marty/remedial-system/.venv/lib/python3.10/site-packages/django/template/response.py", line 90, in rendered_content
    template = self.resolve_template(self.template_name)
  File "/home/marty/remedial-system/.venv/lib/python3.10/site-packages/django/template/response.py", line 72, in resolve_template
    return select_template(template, using=self.using)
  File "/home/marty/remedial-system/.venv/lib/python3.10/site-packages/django/template/loader.py", line 47, in select_template
    raise TemplateDoesNotExist(", ".join(template_name_list), chain=chain)
django.template.exceptions.TemplateDoesNotExist: remedial/scheduleitem_detail.html
"GET /remedial/schedule-items/2/ HTTP/1.1" 500 78360
Internal Server Error: /remedial/schedule-items/2/
Traceback (most recent call last):
  File "/home/marty/remedial-system/.venv/lib/python3.10/site-packages/django/core/handlers/exception.py", line 55, in inner
    response = get_response(request)
  File "/home/marty/remedial-system/.venv/lib/python3.10/site-packages/django/core/handlers/base.py", line 220, in _get_response
    response = response.render()
  File "/home/marty/remedial-system/.venv/lib/python3.10/site-packages/django/template/response.py", line 114, in render
    self.content = self.rendered_content
  File "/home/marty/remedial-system/.venv/lib/python3.10/site-packages/django/template/response.py", line 90, in rendered_content
    template = self.resolve_template(self.template_name)
  File "/home/marty/remedial-system/.venv/lib/python3.10/site-packages/django/template/response.py", line 72, in resolve_template
    return select_template(template, using=self.using)
  File "/home/marty/remedial-system/.venv/lib/python3.10/site-packages/django/template/loader.py", line 47, in select_template
    raise TemplateDoesNotExist(", ".join(template_name_list), chain=chain)
django.template.exceptions.TemplateDoesNotExist: remedial/scheduleitem_detail.html
"GET /remedial/schedule-items/2/ HTTP/1.1" 500 78497
"GET /remedial/schedule-items/2/ HTTP/1.1" 200 8683
"GET /remedial/payments/create/?compromise_id=1 HTTP/1.1" 200 5855
Internal Server Error: /remedial/payments/create/
Traceback (most recent call last):
  File "/home/marty/remedial-system/.venv/lib/python3.10/site-packages/django/db/backends/utils.py", line 105, in _execute
    return self.cursor.execute(sql, params)
  File "/home/marty/remedial-system/.venv/lib/python3.10/site-packages/django/db/backends/sqlite3/base.py", line 360, in execute
    return super().execute(query, params)
sqlite3.IntegrityError: NOT NULL constraint failed: remedial_compromisepayment.compromise_agreement_id

The above exception was the direct cause of the following exception:

Traceback (most recent call last):
  File "/home/marty/remedial-system/.venv/lib/python3.10/site-packages/django/core/handlers/exception.py", line 55, in inner
    response = get_response(request)
  File "/home/marty/remedial-system/.venv/lib/python3.10/site-packages/django/core/handlers/base.py", line 197, in _get_response
    response = wrapped_callback(request, *callback_args, **callback_kwargs)
  File "/home/marty/remedial-system/.venv/lib/python3.10/site-packages/django/views/generic/base.py", line 105, in view
    return self.dispatch(request, *args, **kwargs)
  File "/home/marty/remedial-system/.venv/lib/python3.10/site-packages/django/views/generic/base.py", line 144, in dispatch
    return handler(request, *args, **kwargs)
  File "/home/marty/remedial-system/.venv/lib/python3.10/site-packages/django/views/generic/edit.py", line 182, in post
    return super().post(request, *args, **kwargs)
  File "/home/marty/remedial-system/.venv/lib/python3.10/site-packages/django/views/generic/edit.py", line 151, in post
    return self.form_valid(form)
  File "/home/marty/remedial-system/apps/remedial/views.py", line 1225, in form_valid
    payment.save()
  File "/home/marty/remedial-system/.venv/lib/python3.10/site-packages/django/db/models/base.py", line 902, in save
    self.save_base(
  File "/home/marty/remedial-system/.venv/lib/python3.10/site-packages/django/db/models/base.py", line 1008, in save_base
    updated = self._save_table(
  File "/home/marty/remedial-system/.venv/lib/python3.10/site-packages/django/db/models/base.py", line 1169, in _save_table
    results = self._do_insert(
  File "/home/marty/remedial-system/.venv/lib/python3.10/site-packages/django/db/models/base.py", line 1210, in _do_insert
    return manager._insert(
  File "/home/marty/remedial-system/.venv/lib/python3.10/site-packages/django/db/models/manager.py", line 87, in manager_method
    return getattr(self.get_queryset(), name)(*args, **kwargs)
  File "/home/marty/remedial-system/.venv/lib/python3.10/site-packages/django/db/models/query.py", line 1873, in _insert
    return query.get_compiler(using=using).execute_sql(returning_fields)
  File "/home/marty/remedial-system/.venv/lib/python3.10/site-packages/django/db/models/sql/compiler.py", line 1882, in execute_sql
    cursor.execute(sql, params)
  File "/home/marty/remedial-system/.venv/lib/python3.10/site-packages/django/db/backends/utils.py", line 122, in execute
    return super().execute(sql, params)
  File "/home/marty/remedial-system/.venv/lib/python3.10/site-packages/django/db/backends/utils.py", line 79, in execute
    return self._execute_with_wrappers(
  File "/home/marty/remedial-system/.venv/lib/python3.10/site-packages/django/db/backends/utils.py", line 92, in _execute_with_wrappers
    return executor(sql, params, many, context)
  File "/home/marty/remedial-system/.venv/lib/python3.10/site-packages/django/db/backends/utils.py", line 100, in _execute
    with self.db.wrap_database_errors:
  File "/home/marty/remedial-system/.venv/lib/python3.10/site-packages/django/db/utils.py", line 91, in __exit__
    raise dj_exc_value.with_traceback(traceback) from exc_value
  File "/home/marty/remedial-system/.venv/lib/python3.10/site-packages/django/db/backends/utils.py", line 105, in _execute
    return self.cursor.execute(sql, params)
  File "/home/marty/remedial-system/.venv/lib/python3.10/site-packages/django/db/backends/sqlite3/base.py", line 360, in execute
    return super().execute(query, params)
django.db.utils.IntegrityError: NOT NULL constraint failed: remedial_compromisepayment.compromise_agreement_id
"POST /remedial/payments/create/?compromise_id=1 HTTP/1.1" 500 170115
/home/marty/remedial-system/apps/remedial/views.py changed, reloading.
Watching for file changes with StatReloader
/home/marty/remedial-system/apps/remedial/views.py changed, reloading.
Watching for file changes with StatReloader
/home/marty/remedial-system/apps/remedial/views.py changed, reloading.
Watching for file changes with StatReloader
Internal Server Error: /remedial/payments/create/
Traceback (most recent call last):
  File "/home/marty/remedial-system/.venv/lib/python3.10/site-packages/django/core/handlers/exception.py", line 55, in inner
    response = get_response(request)
  File "/home/marty/remedial-system/.venv/lib/python3.10/site-packages/django/core/handlers/base.py", line 197, in _get_response
    response = wrapped_callback(request, *callback_args, **callback_kwargs)
  File "/home/marty/remedial-system/.venv/lib/python3.10/site-packages/django/views/generic/base.py", line 105, in view
    return self.dispatch(request, *args, **kwargs)
  File "/home/marty/remedial-system/.venv/lib/python3.10/site-packages/django/views/generic/base.py", line 144, in dispatch
    return handler(request, *args, **kwargs)
  File "/home/marty/remedial-system/.venv/lib/python3.10/site-packages/django/views/generic/edit.py", line 182, in post
    return super().post(request, *args, **kwargs)
  File "/home/marty/remedial-system/.venv/lib/python3.10/site-packages/django/views/generic/edit.py", line 149, in post
    form = self.get_form()
  File "/home/marty/remedial-system/.venv/lib/python3.10/site-packages/django/views/generic/edit.py", line 37, in get_form
    return form_class(**self.get_form_kwargs())
  File "/home/marty/remedial-system/apps/remedial/views.py", line 1203, in get_form_kwargs
    kwargs['compromise_agreement'] = self.get_compromise_agreement()
AttributeError: 'CompromisePaymentCreateView' object has no attribute 'get_compromise_agreement'
"POST /remedial/payments/create/?compromise_id=1 HTTP/1.1" 500 87852
Internal Server Error: /remedial/payments/create/
Traceback (most recent call last):
  File "/home/marty/remedial-system/.venv/lib/python3.10/site-packages/django/core/handlers/exception.py", line 55, in inner
    response = get_response(request)
  File "/home/marty/remedial-system/.venv/lib/python3.10/site-packages/django/core/handlers/base.py", line 197, in _get_response
    response = wrapped_callback(request, *callback_args, **callback_kwargs)
  File "/home/marty/remedial-system/.venv/lib/python3.10/site-packages/django/views/generic/base.py", line 105, in view
    return self.dispatch(request, *args, **kwargs)
  File "/home/marty/remedial-system/.venv/lib/python3.10/site-packages/django/views/generic/base.py", line 144, in dispatch
    return handler(request, *args, **kwargs)
  File "/home/marty/remedial-system/.venv/lib/python3.10/site-packages/django/views/generic/edit.py", line 182, in post
    return super().post(request, *args, **kwargs)
  File "/home/marty/remedial-system/.venv/lib/python3.10/site-packages/django/views/generic/edit.py", line 149, in post
    form = self.get_form()
  File "/home/marty/remedial-system/.venv/lib/python3.10/site-packages/django/views/generic/edit.py", line 37, in get_form
    return form_class(**self.get_form_kwargs())
  File "/home/marty/remedial-system/apps/remedial/views.py", line 1203, in get_form_kwargs
    kwargs['compromise_agreement'] = self.get_compromise_agreement()
AttributeError: 'CompromisePaymentCreateView' object has no attribute 'get_compromise_agreement'
"POST /remedial/payments/create/?compromise_id=1 HTTP/1.1" 500 87852
/home/marty/remedial-system/apps/remedial/views.py changed, reloading.
Watching for file changes with StatReloader
/home/marty/remedial-system/apps/remedial/views.py changed, reloading.
Watching for file changes with StatReloader
"POST /remedial/payments/create/?compromise_id=1 HTTP/1.1" 302 0
Internal Server Error: /remedial/payments/
Traceback (most recent call last):
  File "/home/marty/remedial-system/.venv/lib/python3.10/site-packages/django/core/handlers/exception.py", line 55, in inner
    response = get_response(request)
  File "/home/marty/remedial-system/.venv/lib/python3.10/site-packages/django/core/handlers/base.py", line 220, in _get_response
    response = response.render()
  File "/home/marty/remedial-system/.venv/lib/python3.10/site-packages/django/template/response.py", line 114, in render
    self.content = self.rendered_content
  File "/home/marty/remedial-system/.venv/lib/python3.10/site-packages/django/template/response.py", line 90, in rendered_content
    template = self.resolve_template(self.template_name)
  File "/home/marty/remedial-system/.venv/lib/python3.10/site-packages/django/template/response.py", line 72, in resolve_template
    return select_template(template, using=self.using)
  File "/home/marty/remedial-system/.venv/lib/python3.10/site-packages/django/template/loader.py", line 47, in select_template
    raise TemplateDoesNotExist(", ".join(template_name_list), chain=chain)
django.template.exceptions.TemplateDoesNotExist: remedial/compromisepayment_list.html, remedial/compromisepayment_list.html
"GET /remedial/payments/ HTTP/1.1" 500 80779
"POST /remedial/payments/create/?compromise_id=1 HTTP/1.1" 302 0
"GET /remedial/payments/ HTTP/1.1" 200 7780
"GET /remedial/compromises/1/ HTTP/1.1" 200 12342
"GET /remedial/schedule-items/1/ HTTP/1.1" 200 10329
"GET /remedial/payments/create/?compromise_id=1 HTTP/1.1" 200 5855
"POST /remedial/payments/create/?compromise_id=1 HTTP/1.1" 302 0
"GET /remedial/payments/ HTTP/1.1" 200 8688
"GET /remedial/compromises/1/ HTTP/1.1" 200 12342
"GET /remedial/schedule-items/1/ HTTP/1.1" 200 10892
Internal Server Error: /remedial/payments/2/
Traceback (most recent call last):
  File "/home/marty/remedial-system/.venv/lib/python3.10/site-packages/django/core/handlers/exception.py", line 55, in inner
    response = get_response(request)
  File "/home/marty/remedial-system/.venv/lib/python3.10/site-packages/django/core/handlers/base.py", line 220, in _get_response
    response = response.render()
  File "/home/marty/remedial-system/.venv/lib/python3.10/site-packages/django/template/response.py", line 114, in render
    self.content = self.rendered_content
  File "/home/marty/remedial-system/.venv/lib/python3.10/site-packages/django/template/response.py", line 90, in rendered_content
    template = self.resolve_template(self.template_name)
  File "/home/marty/remedial-system/.venv/lib/python3.10/site-packages/django/template/response.py", line 72, in resolve_template
    return select_template(template, using=self.using)
  File "/home/marty/remedial-system/.venv/lib/python3.10/site-packages/django/template/loader.py", line 47, in select_template
    raise TemplateDoesNotExist(", ".join(template_name_list), chain=chain)
django.template.exceptions.TemplateDoesNotExist: remedial/compromisepayment_detail.html
"GET /remedial/payments/2/ HTTP/1.1" 500 78384
"GET /remedial/payments/2/ HTTP/1.1" 200 7311
"GET /remedial/payments/2/edit/ HTTP/1.1" 200 5883
"POST /remedial/payments/2/edit/ HTTP/1.1" 302 0
"GET /remedial/payments/ HTTP/1.1" 200 8688
"GET /remedial/payments/create/ HTTP/1.1" 200 5855
"POST /remedial/payments/create/ HTTP/1.1" 200 6022
"POST /remedial/payments/create/ HTTP/1.1" 200 6022
"GET /remedial/dashboard/ HTTP/1.1" 200 11948
